
17/07/2024 21:17:55 EXCEPTION: Unable to open URL: https://b-hls-17.doppiocdn.com/hls//.m3u8 (403 Client Error: Forbidden for url: https://b-hls-17.doppiocdn.com/hls//.m3u8)

17/07/2024 21:17:55 EXCEPTION: Unable to open URL: https://b-hls-24.doppiocdn.com/hls//.m3u8 (403 Client Error: Forbidden for url: https://b-hls-24.doppiocdn.com/hls//.m3u8)

17/07/2024 21:17:55 EXCEPTION: Unable to open URL: https://b-hls-23.doppiocdn.com/hls//.m3u8 (403 Client Error: Forbidden for url: https://b-hls-23.doppiocdn.com/hls//.m3u8)

17/07/2024 21:17:55 EXCEPTION: Unable to open URL: https://b-hls-23.doppiocdn.com/hls//.m3u8 (403 Client Error: Forbidden for url: https://b-hls-23.doppiocdn.com/hls//.m3u8)

17/07/2024 21:17:55 EXCEPTION: Unable to open URL: https://b-hls-04.doppiocdn.com/hls//.m3u8 (403 Client Error: Forbidden for url: https://b-hls-04.doppiocdn.com/hls//.m3u8)

21/07/2024 12:54:25 EXCEPTION: Unable to open URL: https://b-hls-14.doppiocdn.com/hls//.m3u8 (403 Client Error: Forbidden for url: https://b-hls-14.doppiocdn.com/hls//.m3u8)

21/07/2024 12:54:25 EXCEPTION: Unable to open URL: https://b-hls-06.doppiocdn.com/hls//.m3u8 (403 Client Error: Forbidden for url: https://b-hls-06.doppiocdn.com/hls//.m3u8)

21/07/2024 12:54:25 EXCEPTION: Unable to open URL: https://b-hls-19.doppiocdn.com/hls//.m3u8 (403 Client Error: Forbidden for url: https://b-hls-19.doppiocdn.com/hls//.m3u8)

21/07/2024 12:54:44 EXCEPTION: Unable to open URL: https://b-hls-14.doppiocdn.com/hls//.m3u8 (403 Client Error: Forbidden for url: https://b-hls-14.doppiocdn.com/hls//.m3u8)

21/07/2024 12:54:44 EXCEPTION: Unable to open URL: https://b-hls-06.doppiocdn.com/hls//.m3u8 (403 Client Error: Forbidden for url: https://b-hls-06.doppiocdn.com/hls//.m3u8)

21/07/2024 12:54:44 EXCEPTION: Unable to open URL: https://b-hls-19.doppiocdn.com/hls//.m3u8 (403 Client Error: Forbidden for url: https://b-hls-19.doppiocdn.com/hls//.m3u8)

21/07/2024 12:55:04 EXCEPTION: Unable to open URL: https://b-hls-06.doppiocdn.com/hls//.m3u8 (403 Client Error: Forbidden for url: https://b-hls-06.doppiocdn.com/hls//.m3u8)

21/07/2024 12:55:04 EXCEPTION: Unable to open URL: https://b-hls-19.doppiocdn.com/hls//.m3u8 (403 Client Error: Forbidden for url: https://b-hls-19.doppiocdn.com/hls//.m3u8)

21/07/2024 12:55:05 EXCEPTION: Unable to open URL: https://b-hls-14.doppiocdn.com/hls//.m3u8 (403 Client Error: Forbidden for url: https://b-hls-14.doppiocdn.com/hls//.m3u8)

21/07/2024 12:55:24 EXCEPTION: Unable to open URL: https://b-hls-14.doppiocdn.com/hls//.m3u8 (403 Client Error: Forbidden for url: https://b-hls-14.doppiocdn.com/hls//.m3u8)

21/07/2024 12:55:24 EXCEPTION: Unable to open URL: https://b-hls-06.doppiocdn.com/hls//.m3u8 (403 Client Error: Forbidden for url: https://b-hls-06.doppiocdn.com/hls//.m3u8)

21/07/2024 12:55:24 EXCEPTION: Unable to open URL: https://b-hls-19.doppiocdn.com/hls//.m3u8 (403 Client Error: Forbidden for url: https://b-hls-19.doppiocdn.com/hls//.m3u8)

21/07/2024 12:55:44 EXCEPTION: Unable to open URL: https://b-hls-06.doppiocdn.com/hls//.m3u8 (403 Client Error: Forbidden for url: https://b-hls-06.doppiocdn.com/hls//.m3u8)

21/07/2024 12:55:44 EXCEPTION: Unable to open URL: https://b-hls-14.doppiocdn.com/hls//.m3u8 (403 Client Error: Forbidden for url: https://b-hls-14.doppiocdn.com/hls//.m3u8)

21/07/2024 12:55:45 EXCEPTION: Unable to open URL: https://b-hls-19.doppiocdn.com/hls//.m3u8 (403 Client Error: Forbidden for url: https://b-hls-19.doppiocdn.com/hls//.m3u8)

21/07/2024 12:56:05 EXCEPTION: Unable to open URL: https://b-hls-14.doppiocdn.com/hls//.m3u8 (403 Client Error: Forbidden for url: https://b-hls-14.doppiocdn.com/hls//.m3u8)

21/07/2024 12:56:05 EXCEPTION: Unable to open URL: https://b-hls-06.doppiocdn.com/hls//.m3u8 (403 Client Error: Forbidden for url: https://b-hls-06.doppiocdn.com/hls//.m3u8)

21/07/2024 12:56:05 EXCEPTION: Unable to open URL: https://b-hls-19.doppiocdn.com/hls//.m3u8 (403 Client Error: Forbidden for url: https://b-hls-19.doppiocdn.com/hls//.m3u8)

21/07/2024 12:56:25 EXCEPTION: Unable to open URL: https://b-hls-06.doppiocdn.com/hls//.m3u8 (403 Client Error: Forbidden for url: https://b-hls-06.doppiocdn.com/hls//.m3u8)

21/07/2024 12:56:25 EXCEPTION: Unable to open URL: https://b-hls-19.doppiocdn.com/hls//.m3u8 (403 Client Error: Forbidden for url: https://b-hls-19.doppiocdn.com/hls//.m3u8)

21/07/2024 12:56:45 EXCEPTION: Unable to open URL: https://b-hls-06.doppiocdn.com/hls//.m3u8 (403 Client Error: Forbidden for url: https://b-hls-06.doppiocdn.com/hls//.m3u8)

21/07/2024 12:56:45 EXCEPTION: Unable to open URL: https://b-hls-14.doppiocdn.com/hls//.m3u8 (403 Client Error: Forbidden for url: https://b-hls-14.doppiocdn.com/hls//.m3u8)

21/07/2024 12:56:45 EXCEPTION: Unable to open URL: https://b-hls-19.doppiocdn.com/hls//.m3u8 (403 Client Error: Forbidden for url: https://b-hls-19.doppiocdn.com/hls//.m3u8)

21/07/2024 12:57:05 EXCEPTION: Unable to open URL: https://b-hls-14.doppiocdn.com/hls//.m3u8 (403 Client Error: Forbidden for url: https://b-hls-14.doppiocdn.com/hls//.m3u8)

21/07/2024 12:57:05 EXCEPTION: Unable to open URL: https://b-hls-06.doppiocdn.com/hls//.m3u8 (403 Client Error: Forbidden for url: https://b-hls-06.doppiocdn.com/hls//.m3u8)

21/07/2024 12:57:05 EXCEPTION: Unable to open URL: https://b-hls-19.doppiocdn.com/hls//.m3u8 (403 Client Error: Forbidden for url: https://b-hls-19.doppiocdn.com/hls//.m3u8)

21/07/2024 12:57:25 EXCEPTION: Unable to open URL: https://b-hls-14.doppiocdn.com/hls//.m3u8 (403 Client Error: Forbidden for url: https://b-hls-14.doppiocdn.com/hls//.m3u8)

21/07/2024 12:57:25 EXCEPTION: Unable to open URL: https://b-hls-06.doppiocdn.com/hls//.m3u8 (403 Client Error: Forbidden for url: https://b-hls-06.doppiocdn.com/hls//.m3u8)

21/07/2024 12:57:25 EXCEPTION: Unable to open URL: https://b-hls-19.doppiocdn.com/hls//.m3u8 (403 Client Error: Forbidden for url: https://b-hls-19.doppiocdn.com/hls//.m3u8)

21/07/2024 12:57:45 EXCEPTION: Unable to open URL: https://b-hls-14.doppiocdn.com/hls//.m3u8 (403 Client Error: Forbidden for url: https://b-hls-14.doppiocdn.com/hls//.m3u8)

21/07/2024 12:57:46 EXCEPTION: Unable to open URL: https://b-hls-19.doppiocdn.com/hls//.m3u8 (403 Client Error: Forbidden for url: https://b-hls-19.doppiocdn.com/hls//.m3u8)

21/07/2024 12:57:46 EXCEPTION: Unable to open URL: https://b-hls-06.doppiocdn.com/hls//.m3u8 (403 Client Error: Forbidden for url: https://b-hls-06.doppiocdn.com/hls//.m3u8)

21/07/2024 12:58:05 EXCEPTION: Unable to open URL: https://b-hls-06.doppiocdn.com/hls//.m3u8 (403 Client Error: Forbidden for url: https://b-hls-06.doppiocdn.com/hls//.m3u8)

21/07/2024 12:58:06 EXCEPTION: Unable to open URL: https://b-hls-19.doppiocdn.com/hls//.m3u8 (403 Client Error: Forbidden for url: https://b-hls-19.doppiocdn.com/hls//.m3u8)

21/07/2024 12:58:06 EXCEPTION: Unable to open URL: https://b-hls-14.doppiocdn.com/hls//.m3u8 (403 Client Error: Forbidden for url: https://b-hls-14.doppiocdn.com/hls//.m3u8)

21/07/2024 12:58:26 EXCEPTION: Unable to open URL: https://b-hls-14.doppiocdn.com/hls//.m3u8 (403 Client Error: Forbidden for url: https://b-hls-14.doppiocdn.com/hls//.m3u8)

21/07/2024 12:58:26 EXCEPTION: Unable to open URL: https://b-hls-19.doppiocdn.com/hls//.m3u8 (403 Client Error: Forbidden for url: https://b-hls-19.doppiocdn.com/hls//.m3u8)

21/07/2024 12:58:26 EXCEPTION: Unable to open URL: https://b-hls-06.doppiocdn.com/hls//.m3u8 (403 Client Error: Forbidden for url: https://b-hls-06.doppiocdn.com/hls//.m3u8)

21/07/2024 12:58:46 EXCEPTION: Unable to open URL: https://b-hls-06.doppiocdn.com/hls//.m3u8 (403 Client Error: Forbidden for url: https://b-hls-06.doppiocdn.com/hls//.m3u8)

21/07/2024 12:58:46 EXCEPTION: Unable to open URL: https://b-hls-14.doppiocdn.com/hls//.m3u8 (403 Client Error: Forbidden for url: https://b-hls-14.doppiocdn.com/hls//.m3u8)

21/07/2024 12:58:46 EXCEPTION: Unable to open URL: https://b-hls-19.doppiocdn.com/hls//.m3u8 (403 Client Error: Forbidden for url: https://b-hls-19.doppiocdn.com/hls//.m3u8)

21/07/2024 12:59:06 EXCEPTION: Unable to open URL: https://b-hls-06.doppiocdn.com/hls//.m3u8 (403 Client Error: Forbidden for url: https://b-hls-06.doppiocdn.com/hls//.m3u8)

21/07/2024 12:59:06 EXCEPTION: Unable to open URL: https://b-hls-19.doppiocdn.com/hls//.m3u8 (403 Client Error: Forbidden for url: https://b-hls-19.doppiocdn.com/hls//.m3u8)

21/07/2024 12:59:07 EXCEPTION: Unable to open URL: https://b-hls-14.doppiocdn.com/hls//.m3u8 (403 Client Error: Forbidden for url: https://b-hls-14.doppiocdn.com/hls//.m3u8)

21/07/2024 12:59:26 EXCEPTION: Unable to open URL: https://b-hls-06.doppiocdn.com/hls//.m3u8 (403 Client Error: Forbidden for url: https://b-hls-06.doppiocdn.com/hls//.m3u8)

21/07/2024 12:59:26 EXCEPTION: Unable to open URL: https://b-hls-14.doppiocdn.com/hls//.m3u8 (403 Client Error: Forbidden for url: https://b-hls-14.doppiocdn.com/hls//.m3u8)

21/07/2024 12:59:26 EXCEPTION: Unable to open URL: https://b-hls-19.doppiocdn.com/hls//.m3u8 (403 Client Error: Forbidden for url: https://b-hls-19.doppiocdn.com/hls//.m3u8)

21/07/2024 12:59:46 EXCEPTION: Unable to open URL: https://b-hls-19.doppiocdn.com/hls//.m3u8 (403 Client Error: Forbidden for url: https://b-hls-19.doppiocdn.com/hls//.m3u8)

21/07/2024 12:59:46 EXCEPTION: Unable to open URL: https://b-hls-06.doppiocdn.com/hls//.m3u8 (403 Client Error: Forbidden for url: https://b-hls-06.doppiocdn.com/hls//.m3u8)

21/07/2024 12:59:46 EXCEPTION: Unable to open URL: https://b-hls-14.doppiocdn.com/hls//.m3u8 (403 Client Error: Forbidden for url: https://b-hls-14.doppiocdn.com/hls//.m3u8)

21/07/2024 13:00:06 EXCEPTION: Unable to open URL: https://b-hls-14.doppiocdn.com/hls//.m3u8 (403 Client Error: Forbidden for url: https://b-hls-14.doppiocdn.com/hls//.m3u8)

21/07/2024 13:00:07 EXCEPTION: Unable to open URL: https://b-hls-19.doppiocdn.com/hls//.m3u8 (403 Client Error: Forbidden for url: https://b-hls-19.doppiocdn.com/hls//.m3u8)

21/07/2024 13:00:07 EXCEPTION: Unable to open URL: https://b-hls-06.doppiocdn.com/hls//.m3u8 (403 Client Error: Forbidden for url: https://b-hls-06.doppiocdn.com/hls//.m3u8)

21/07/2024 13:00:26 EXCEPTION: Unable to open URL: https://b-hls-14.doppiocdn.com/hls//.m3u8 (403 Client Error: Forbidden for url: https://b-hls-14.doppiocdn.com/hls//.m3u8)

21/07/2024 13:00:26 EXCEPTION: Unable to open URL: https://b-hls-19.doppiocdn.com/hls//.m3u8 (403 Client Error: Forbidden for url: https://b-hls-19.doppiocdn.com/hls//.m3u8)

21/07/2024 13:00:27 EXCEPTION: Unable to open URL: https://b-hls-06.doppiocdn.com/hls//.m3u8 (403 Client Error: Forbidden for url: https://b-hls-06.doppiocdn.com/hls//.m3u8)

21/07/2024 13:00:46 EXCEPTION: Unable to open URL: https://b-hls-06.doppiocdn.com/hls//.m3u8 (403 Client Error: Forbidden for url: https://b-hls-06.doppiocdn.com/hls//.m3u8)

21/07/2024 13:00:46 EXCEPTION: Unable to open URL: https://b-hls-14.doppiocdn.com/hls//.m3u8 (403 Client Error: Forbidden for url: https://b-hls-14.doppiocdn.com/hls//.m3u8)

21/07/2024 13:00:46 EXCEPTION: Unable to open URL: https://b-hls-19.doppiocdn.com/hls//.m3u8 (403 Client Error: Forbidden for url: https://b-hls-19.doppiocdn.com/hls//.m3u8)

21/07/2024 13:01:06 EXCEPTION: Unable to open URL: https://b-hls-06.doppiocdn.com/hls//.m3u8 (403 Client Error: Forbidden for url: https://b-hls-06.doppiocdn.com/hls//.m3u8)

21/07/2024 13:01:06 EXCEPTION: Unable to open URL: https://b-hls-19.doppiocdn.com/hls//.m3u8 (403 Client Error: Forbidden for url: https://b-hls-19.doppiocdn.com/hls//.m3u8)

21/07/2024 13:01:07 EXCEPTION: Unable to open URL: https://b-hls-14.doppiocdn.com/hls//.m3u8 (403 Client Error: Forbidden for url: https://b-hls-14.doppiocdn.com/hls//.m3u8)

21/07/2024 13:01:26 EXCEPTION: Unable to open URL: https://b-hls-14.doppiocdn.com/hls//.m3u8 (403 Client Error: Forbidden for url: https://b-hls-14.doppiocdn.com/hls//.m3u8)

21/07/2024 13:01:27 EXCEPTION: Unable to open URL: https://b-hls-06.doppiocdn.com/hls//.m3u8 (403 Client Error: Forbidden for url: https://b-hls-06.doppiocdn.com/hls//.m3u8)

21/07/2024 13:01:27 EXCEPTION: Unable to open URL: https://b-hls-19.doppiocdn.com/hls//.m3u8 (403 Client Error: Forbidden for url: https://b-hls-19.doppiocdn.com/hls//.m3u8)

21/07/2024 13:01:47 EXCEPTION: Unable to open URL: https://b-hls-06.doppiocdn.com/hls//.m3u8 (403 Client Error: Forbidden for url: https://b-hls-06.doppiocdn.com/hls//.m3u8)

21/07/2024 13:01:47 EXCEPTION: Unable to open URL: https://b-hls-14.doppiocdn.com/hls//.m3u8 (403 Client Error: Forbidden for url: https://b-hls-14.doppiocdn.com/hls//.m3u8)

21/07/2024 13:01:47 EXCEPTION: Unable to open URL: https://b-hls-19.doppiocdn.com/hls//.m3u8 (403 Client Error: Forbidden for url: https://b-hls-19.doppiocdn.com/hls//.m3u8)

21/07/2024 13:02:07 EXCEPTION: Unable to open URL: https://b-hls-14.doppiocdn.com/hls//.m3u8 (403 Client Error: Forbidden for url: https://b-hls-14.doppiocdn.com/hls//.m3u8)

21/07/2024 13:02:07 EXCEPTION: Unable to open URL: https://b-hls-06.doppiocdn.com/hls//.m3u8 (403 Client Error: Forbidden for url: https://b-hls-06.doppiocdn.com/hls//.m3u8)

21/07/2024 13:02:07 EXCEPTION: Unable to open URL: https://b-hls-19.doppiocdn.com/hls//.m3u8 (403 Client Error: Forbidden for url: https://b-hls-19.doppiocdn.com/hls//.m3u8)

21/07/2024 13:02:27 EXCEPTION: Unable to open URL: https://b-hls-14.doppiocdn.com/hls//.m3u8 (403 Client Error: Forbidden for url: https://b-hls-14.doppiocdn.com/hls//.m3u8)

21/07/2024 13:02:27 EXCEPTION: Unable to open URL: https://b-hls-06.doppiocdn.com/hls//.m3u8 (403 Client Error: Forbidden for url: https://b-hls-06.doppiocdn.com/hls//.m3u8)

21/07/2024 13:02:27 EXCEPTION: Unable to open URL: https://b-hls-19.doppiocdn.com/hls//.m3u8 (403 Client Error: Forbidden for url: https://b-hls-19.doppiocdn.com/hls//.m3u8)

21/07/2024 13:02:47 EXCEPTION: Unable to open URL: https://b-hls-06.doppiocdn.com/hls//.m3u8 (403 Client Error: Forbidden for url: https://b-hls-06.doppiocdn.com/hls//.m3u8)

21/07/2024 13:02:47 EXCEPTION: Unable to open URL: https://b-hls-19.doppiocdn.com/hls//.m3u8 (403 Client Error: Forbidden for url: https://b-hls-19.doppiocdn.com/hls//.m3u8)

21/07/2024 13:02:48 EXCEPTION: Unable to open URL: https://b-hls-14.doppiocdn.com/hls//.m3u8 (403 Client Error: Forbidden for url: https://b-hls-14.doppiocdn.com/hls//.m3u8)

21/07/2024 13:03:07 EXCEPTION: Unable to open URL: https://b-hls-06.doppiocdn.com/hls//.m3u8 (403 Client Error: Forbidden for url: https://b-hls-06.doppiocdn.com/hls//.m3u8)

21/07/2024 13:03:07 EXCEPTION: Unable to open URL: https://b-hls-19.doppiocdn.com/hls//.m3u8 (403 Client Error: Forbidden for url: https://b-hls-19.doppiocdn.com/hls//.m3u8)

21/07/2024 13:03:07 EXCEPTION: Unable to open URL: https://b-hls-14.doppiocdn.com/hls//.m3u8 (403 Client Error: Forbidden for url: https://b-hls-14.doppiocdn.com/hls//.m3u8)

21/07/2024 13:03:27 EXCEPTION: Unable to open URL: https://b-hls-14.doppiocdn.com/hls//.m3u8 (403 Client Error: Forbidden for url: https://b-hls-14.doppiocdn.com/hls//.m3u8)

21/07/2024 13:03:28 EXCEPTION: Unable to open URL: https://b-hls-06.doppiocdn.com/hls//.m3u8 (403 Client Error: Forbidden for url: https://b-hls-06.doppiocdn.com/hls//.m3u8)

21/07/2024 13:03:28 EXCEPTION: Unable to open URL: https://b-hls-19.doppiocdn.com/hls//.m3u8 (403 Client Error: Forbidden for url: https://b-hls-19.doppiocdn.com/hls//.m3u8)

21/07/2024 13:03:47 EXCEPTION: Unable to open URL: https://b-hls-14.doppiocdn.com/hls//.m3u8 (403 Client Error: Forbidden for url: https://b-hls-14.doppiocdn.com/hls//.m3u8)

21/07/2024 13:03:47 EXCEPTION: Unable to open URL: https://b-hls-06.doppiocdn.com/hls//.m3u8 (403 Client Error: Forbidden for url: https://b-hls-06.doppiocdn.com/hls//.m3u8)

21/07/2024 13:03:47 EXCEPTION: Unable to open URL: https://b-hls-19.doppiocdn.com/hls//.m3u8 (403 Client Error: Forbidden for url: https://b-hls-19.doppiocdn.com/hls//.m3u8)

21/07/2024 13:03:48 EXCEPTION: Unable to open URL: https://b-hls-03.doppiocdn.com/hls/129535333/129535333.m3u8 (403 Client Error: Forbidden for url: https://b-hls-18.doppiocdn.com/hls/129535333/129535333.m3u8)

21/07/2024 13:04:08 EXCEPTION: Unable to open URL: https://b-hls-14.doppiocdn.com/hls//.m3u8 (403 Client Error: Forbidden for url: https://b-hls-14.doppiocdn.com/hls//.m3u8)

21/07/2024 13:04:08 EXCEPTION: Unable to open URL: https://b-hls-19.doppiocdn.com/hls//.m3u8 (403 Client Error: Forbidden for url: https://b-hls-19.doppiocdn.com/hls//.m3u8)

21/07/2024 13:04:08 EXCEPTION: Unable to open URL: https://b-hls-03.doppiocdn.com/hls/129535333/129535333.m3u8 (403 Client Error: Forbidden for url: https://b-hls-18.doppiocdn.com/hls/129535333/129535333.m3u8)

21/07/2024 13:04:08 EXCEPTION: Unable to open URL: https://b-hls-06.doppiocdn.com/hls//.m3u8 (403 Client Error: Forbidden for url: https://b-hls-06.doppiocdn.com/hls//.m3u8)

21/07/2024 13:04:28 EXCEPTION: Unable to open URL: https://b-hls-06.doppiocdn.com/hls//.m3u8 (403 Client Error: Forbidden for url: https://b-hls-06.doppiocdn.com/hls//.m3u8)

21/07/2024 13:04:28 EXCEPTION: Unable to open URL: https://b-hls-19.doppiocdn.com/hls//.m3u8 (403 Client Error: Forbidden for url: https://b-hls-19.doppiocdn.com/hls//.m3u8)

21/07/2024 13:04:28 EXCEPTION: Unable to open URL: https://b-hls-14.doppiocdn.com/hls//.m3u8 (403 Client Error: Forbidden for url: https://b-hls-14.doppiocdn.com/hls//.m3u8)

21/07/2024 13:04:28 EXCEPTION: Unable to open URL: https://b-hls-03.doppiocdn.com/hls/129535333/129535333.m3u8 (403 Client Error: Forbidden for url: https://b-hls-18.doppiocdn.com/hls/129535333/129535333.m3u8)

21/07/2024 13:04:48 EXCEPTION: Unable to open URL: https://b-hls-14.doppiocdn.com/hls//.m3u8 (403 Client Error: Forbidden for url: https://b-hls-14.doppiocdn.com/hls//.m3u8)

21/07/2024 13:04:48 EXCEPTION: Unable to open URL: https://b-hls-03.doppiocdn.com/hls/129535333/129535333.m3u8 (403 Client Error: Forbidden for url: https://b-hls-18.doppiocdn.com/hls/129535333/129535333.m3u8)

21/07/2024 13:04:49 EXCEPTION: Unable to open URL: https://b-hls-06.doppiocdn.com/hls//.m3u8 (403 Client Error: Forbidden for url: https://b-hls-06.doppiocdn.com/hls//.m3u8)

21/07/2024 13:04:49 EXCEPTION: Unable to open URL: https://b-hls-19.doppiocdn.com/hls//.m3u8 (403 Client Error: Forbidden for url: https://b-hls-19.doppiocdn.com/hls//.m3u8)

21/07/2024 13:05:08 EXCEPTION: Unable to open URL: https://b-hls-06.doppiocdn.com/hls//.m3u8 (403 Client Error: Forbidden for url: https://b-hls-06.doppiocdn.com/hls//.m3u8)

21/07/2024 13:05:08 EXCEPTION: Unable to open URL: https://b-hls-19.doppiocdn.com/hls//.m3u8 (403 Client Error: Forbidden for url: https://b-hls-19.doppiocdn.com/hls//.m3u8)

21/07/2024 13:05:08 EXCEPTION: Unable to open URL: https://b-hls-14.doppiocdn.com/hls//.m3u8 (403 Client Error: Forbidden for url: https://b-hls-14.doppiocdn.com/hls//.m3u8)

21/07/2024 13:05:09 EXCEPTION: Unable to open URL: https://b-hls-03.doppiocdn.com/hls/129535333/129535333.m3u8 (403 Client Error: Forbidden for url: https://b-hls-18.doppiocdn.com/hls/129535333/129535333.m3u8)

21/07/2024 13:05:28 EXCEPTION: Unable to open URL: https://b-hls-06.doppiocdn.com/hls//.m3u8 (403 Client Error: Forbidden for url: https://b-hls-06.doppiocdn.com/hls//.m3u8)

21/07/2024 13:05:28 EXCEPTION: Unable to open URL: https://b-hls-14.doppiocdn.com/hls//.m3u8 (403 Client Error: Forbidden for url: https://b-hls-14.doppiocdn.com/hls//.m3u8)

21/07/2024 13:05:28 EXCEPTION: Unable to open URL: https://b-hls-19.doppiocdn.com/hls//.m3u8 (403 Client Error: Forbidden for url: https://b-hls-19.doppiocdn.com/hls//.m3u8)

21/07/2024 13:05:29 EXCEPTION: Unable to open URL: https://b-hls-03.doppiocdn.com/hls/129535333/129535333.m3u8 (403 Client Error: Forbidden for url: https://b-hls-18.doppiocdn.com/hls/129535333/129535333.m3u8)

21/07/2024 13:05:48 EXCEPTION: Unable to open URL: https://b-hls-19.doppiocdn.com/hls//.m3u8 (403 Client Error: Forbidden for url: https://b-hls-19.doppiocdn.com/hls//.m3u8)

21/07/2024 13:05:48 EXCEPTION: Unable to open URL: https://b-hls-06.doppiocdn.com/hls//.m3u8 (403 Client Error: Forbidden for url: https://b-hls-06.doppiocdn.com/hls//.m3u8)

21/07/2024 13:05:48 EXCEPTION: Unable to open URL: https://b-hls-14.doppiocdn.com/hls//.m3u8 (403 Client Error: Forbidden for url: https://b-hls-14.doppiocdn.com/hls//.m3u8)

21/07/2024 13:05:49 EXCEPTION: Unable to open URL: https://b-hls-03.doppiocdn.com/hls/129535333/129535333.m3u8 (403 Client Error: Forbidden for url: https://b-hls-18.doppiocdn.com/hls/129535333/129535333.m3u8)

21/07/2024 13:06:08 EXCEPTION: Unable to open URL: https://b-hls-14.doppiocdn.com/hls//.m3u8 (403 Client Error: Forbidden for url: https://b-hls-14.doppiocdn.com/hls//.m3u8)

21/07/2024 13:06:08 EXCEPTION: Unable to open URL: https://b-hls-19.doppiocdn.com/hls//.m3u8 (403 Client Error: Forbidden for url: https://b-hls-19.doppiocdn.com/hls//.m3u8)

21/07/2024 13:06:08 EXCEPTION: Unable to open URL: https://b-hls-06.doppiocdn.com/hls//.m3u8 (403 Client Error: Forbidden for url: https://b-hls-06.doppiocdn.com/hls//.m3u8)

21/07/2024 13:06:09 EXCEPTION: Unable to open URL: https://b-hls-03.doppiocdn.com/hls/129535333/129535333.m3u8 (403 Client Error: Forbidden for url: https://b-hls-18.doppiocdn.com/hls/129535333/129535333.m3u8)

21/07/2024 13:06:28 EXCEPTION: Unable to open URL: https://b-hls-19.doppiocdn.com/hls//.m3u8 (403 Client Error: Forbidden for url: https://b-hls-19.doppiocdn.com/hls//.m3u8)

21/07/2024 13:06:28 EXCEPTION: Unable to open URL: https://b-hls-14.doppiocdn.com/hls//.m3u8 (403 Client Error: Forbidden for url: https://b-hls-14.doppiocdn.com/hls//.m3u8)

21/07/2024 13:06:28 EXCEPTION: Unable to open URL: https://b-hls-06.doppiocdn.com/hls//.m3u8 (403 Client Error: Forbidden for url: https://b-hls-06.doppiocdn.com/hls//.m3u8)

21/07/2024 13:06:29 EXCEPTION: Unable to open URL: https://b-hls-03.doppiocdn.com/hls/129535333/129535333.m3u8 (403 Client Error: Forbidden for url: https://b-hls-18.doppiocdn.com/hls/129535333/129535333.m3u8)

21/07/2024 13:06:49 EXCEPTION: Unable to open URL: https://b-hls-19.doppiocdn.com/hls//.m3u8 (403 Client Error: Forbidden for url: https://b-hls-19.doppiocdn.com/hls//.m3u8)

21/07/2024 13:06:49 EXCEPTION: Unable to open URL: https://b-hls-14.doppiocdn.com/hls//.m3u8 (403 Client Error: Forbidden for url: https://b-hls-14.doppiocdn.com/hls//.m3u8)

21/07/2024 13:06:49 EXCEPTION: Unable to open URL: https://b-hls-06.doppiocdn.com/hls//.m3u8 (403 Client Error: Forbidden for url: https://b-hls-06.doppiocdn.com/hls//.m3u8)

21/07/2024 13:06:50 EXCEPTION: Unable to open URL: https://b-hls-03.doppiocdn.com/hls/129535333/129535333.m3u8 (403 Client Error: Forbidden for url: https://b-hls-18.doppiocdn.com/hls/129535333/129535333.m3u8)

21/07/2024 13:07:08 EXCEPTION: Unable to open URL: https://b-hls-14.doppiocdn.com/hls//.m3u8 (403 Client Error: Forbidden for url: https://b-hls-14.doppiocdn.com/hls//.m3u8)

21/07/2024 13:07:09 EXCEPTION: Unable to open URL: https://b-hls-06.doppiocdn.com/hls//.m3u8 (403 Client Error: Forbidden for url: https://b-hls-06.doppiocdn.com/hls//.m3u8)

21/07/2024 13:07:09 EXCEPTION: Unable to open URL: https://b-hls-19.doppiocdn.com/hls//.m3u8 (403 Client Error: Forbidden for url: https://b-hls-19.doppiocdn.com/hls//.m3u8)

21/07/2024 13:07:09 EXCEPTION: Unable to open URL: https://b-hls-03.doppiocdn.com/hls/129535333/129535333.m3u8 (403 Client Error: Forbidden for url: https://b-hls-18.doppiocdn.com/hls/129535333/129535333.m3u8)

21/07/2024 13:07:29 EXCEPTION: Unable to open URL: https://b-hls-06.doppiocdn.com/hls//.m3u8 (403 Client Error: Forbidden for url: https://b-hls-06.doppiocdn.com/hls//.m3u8)

21/07/2024 13:07:29 EXCEPTION: Unable to open URL: https://b-hls-19.doppiocdn.com/hls//.m3u8 (403 Client Error: Forbidden for url: https://b-hls-19.doppiocdn.com/hls//.m3u8)

21/07/2024 13:07:29 EXCEPTION: Unable to open URL: https://b-hls-14.doppiocdn.com/hls//.m3u8 (403 Client Error: Forbidden for url: https://b-hls-14.doppiocdn.com/hls//.m3u8)

21/07/2024 13:07:29 EXCEPTION: Unable to open URL: https://b-hls-03.doppiocdn.com/hls/129535333/129535333.m3u8 (403 Client Error: Forbidden for url: https://b-hls-18.doppiocdn.com/hls/129535333/129535333.m3u8)

21/07/2024 13:07:49 EXCEPTION: Unable to open URL: https://b-hls-19.doppiocdn.com/hls//.m3u8 (403 Client Error: Forbidden for url: https://b-hls-19.doppiocdn.com/hls//.m3u8)

21/07/2024 13:07:49 EXCEPTION: Unable to open URL: https://b-hls-06.doppiocdn.com/hls//.m3u8 (403 Client Error: Forbidden for url: https://b-hls-06.doppiocdn.com/hls//.m3u8)

21/07/2024 13:07:49 EXCEPTION: Unable to open URL: https://b-hls-03.doppiocdn.com/hls/129535333/129535333.m3u8 (403 Client Error: Forbidden for url: https://b-hls-18.doppiocdn.com/hls/129535333/129535333.m3u8)

21/07/2024 13:08:09 EXCEPTION: Unable to open URL: https://b-hls-19.doppiocdn.com/hls//.m3u8 (403 Client Error: Forbidden for url: https://b-hls-19.doppiocdn.com/hls//.m3u8)

21/07/2024 13:08:10 EXCEPTION: Unable to open URL: https://b-hls-03.doppiocdn.com/hls/129535333/129535333.m3u8 (403 Client Error: Forbidden for url: https://b-hls-18.doppiocdn.com/hls/129535333/129535333.m3u8)

21/07/2024 13:08:10 EXCEPTION: Unable to open URL: https://b-hls-14.doppiocdn.com/hls//.m3u8 (403 Client Error: Forbidden for url: https://b-hls-14.doppiocdn.com/hls//.m3u8)

21/07/2024 13:08:11 EXCEPTION: Unable to open URL: https://b-hls-06.doppiocdn.com/hls//.m3u8 (403 Client Error: Forbidden for url: https://b-hls-06.doppiocdn.com/hls//.m3u8)

21/07/2024 13:08:30 EXCEPTION: Unable to open URL: https://b-hls-19.doppiocdn.com/hls//.m3u8 (403 Client Error: Forbidden for url: https://b-hls-19.doppiocdn.com/hls//.m3u8)

21/07/2024 13:08:30 EXCEPTION: Unable to open URL: https://b-hls-14.doppiocdn.com/hls//.m3u8 (403 Client Error: Forbidden for url: https://b-hls-14.doppiocdn.com/hls//.m3u8)

21/07/2024 13:08:30 EXCEPTION: Unable to open URL: https://b-hls-06.doppiocdn.com/hls//.m3u8 (403 Client Error: Forbidden for url: https://b-hls-06.doppiocdn.com/hls//.m3u8)

21/07/2024 13:08:31 EXCEPTION: Unable to open URL: https://b-hls-03.doppiocdn.com/hls/129535333/129535333.m3u8 (403 Client Error: Forbidden for url: https://b-hls-18.doppiocdn.com/hls/129535333/129535333.m3u8)

21/07/2024 13:08:50 EXCEPTION: Unable to open URL: https://b-hls-06.doppiocdn.com/hls//.m3u8 (403 Client Error: Forbidden for url: https://b-hls-06.doppiocdn.com/hls//.m3u8)

21/07/2024 13:08:50 EXCEPTION: Unable to open URL: https://b-hls-14.doppiocdn.com/hls//.m3u8 (403 Client Error: Forbidden for url: https://b-hls-14.doppiocdn.com/hls//.m3u8)

21/07/2024 13:08:51 EXCEPTION: Unable to open URL: https://b-hls-19.doppiocdn.com/hls//.m3u8 (403 Client Error: Forbidden for url: https://b-hls-19.doppiocdn.com/hls//.m3u8)

21/07/2024 13:08:51 EXCEPTION: Unable to open URL: https://b-hls-03.doppiocdn.com/hls/129535333/129535333.m3u8 (403 Client Error: Forbidden for url: https://b-hls-18.doppiocdn.com/hls/129535333/129535333.m3u8)

21/07/2024 13:09:09 EXCEPTION: Unable to open URL: https://b-hls-19.doppiocdn.com/hls//.m3u8 (403 Client Error: Forbidden for url: https://b-hls-19.doppiocdn.com/hls//.m3u8)

21/07/2024 13:09:10 EXCEPTION: Unable to open URL: https://b-hls-06.doppiocdn.com/hls//.m3u8 (403 Client Error: Forbidden for url: https://b-hls-06.doppiocdn.com/hls//.m3u8)

21/07/2024 13:09:10 EXCEPTION: Unable to open URL: https://b-hls-14.doppiocdn.com/hls//.m3u8 (403 Client Error: Forbidden for url: https://b-hls-14.doppiocdn.com/hls//.m3u8)

21/07/2024 13:09:10 EXCEPTION: Unable to open URL: https://b-hls-03.doppiocdn.com/hls/129535333/129535333.m3u8 (403 Client Error: Forbidden for url: https://b-hls-18.doppiocdn.com/hls/129535333/129535333.m3u8)

21/07/2024 13:09:30 EXCEPTION: Unable to open URL: https://b-hls-06.doppiocdn.com/hls//.m3u8 (403 Client Error: Forbidden for url: https://b-hls-06.doppiocdn.com/hls//.m3u8)

21/07/2024 13:09:30 EXCEPTION: Unable to open URL: https://b-hls-14.doppiocdn.com/hls//.m3u8 (403 Client Error: Forbidden for url: https://b-hls-14.doppiocdn.com/hls//.m3u8)

21/07/2024 13:09:30 EXCEPTION: Unable to open URL: https://b-hls-19.doppiocdn.com/hls//.m3u8 (403 Client Error: Forbidden for url: https://b-hls-19.doppiocdn.com/hls//.m3u8)

21/07/2024 13:09:30 EXCEPTION: Unable to open URL: https://b-hls-03.doppiocdn.com/hls/129535333/129535333.m3u8 (403 Client Error: Forbidden for url: https://b-hls-18.doppiocdn.com/hls/129535333/129535333.m3u8)

21/07/2024 13:09:50 EXCEPTION: Unable to open URL: https://b-hls-06.doppiocdn.com/hls//.m3u8 (403 Client Error: Forbidden for url: https://b-hls-06.doppiocdn.com/hls//.m3u8)

21/07/2024 13:09:50 EXCEPTION: Unable to open URL: https://b-hls-14.doppiocdn.com/hls//.m3u8 (403 Client Error: Forbidden for url: https://b-hls-14.doppiocdn.com/hls//.m3u8)

21/07/2024 13:09:50 EXCEPTION: Unable to open URL: https://b-hls-19.doppiocdn.com/hls//.m3u8 (403 Client Error: Forbidden for url: https://b-hls-19.doppiocdn.com/hls//.m3u8)

21/07/2024 13:09:51 EXCEPTION: Unable to open URL: https://b-hls-03.doppiocdn.com/hls/129535333/129535333.m3u8 (403 Client Error: Forbidden for url: https://b-hls-18.doppiocdn.com/hls/129535333/129535333.m3u8)

21/07/2024 13:10:10 EXCEPTION: Unable to open URL: https://b-hls-19.doppiocdn.com/hls//.m3u8 (403 Client Error: Forbidden for url: https://b-hls-19.doppiocdn.com/hls//.m3u8)

21/07/2024 13:10:10 EXCEPTION: Unable to open URL: https://b-hls-14.doppiocdn.com/hls//.m3u8 (403 Client Error: Forbidden for url: https://b-hls-14.doppiocdn.com/hls//.m3u8)

21/07/2024 13:10:11 EXCEPTION: Unable to open URL: https://b-hls-06.doppiocdn.com/hls//.m3u8 (403 Client Error: Forbidden for url: https://b-hls-06.doppiocdn.com/hls//.m3u8)

21/07/2024 13:10:11 EXCEPTION: Unable to open URL: https://b-hls-03.doppiocdn.com/hls/129535333/129535333.m3u8 (403 Client Error: Forbidden for url: https://b-hls-18.doppiocdn.com/hls/129535333/129535333.m3u8)

21/07/2024 13:10:31 EXCEPTION: Unable to open URL: https://b-hls-14.doppiocdn.com/hls//.m3u8 (403 Client Error: Forbidden for url: https://b-hls-14.doppiocdn.com/hls//.m3u8)

21/07/2024 13:10:31 EXCEPTION: Unable to open URL: https://b-hls-06.doppiocdn.com/hls//.m3u8 (403 Client Error: Forbidden for url: https://b-hls-06.doppiocdn.com/hls//.m3u8)

21/07/2024 13:10:31 EXCEPTION: Unable to open URL: https://b-hls-19.doppiocdn.com/hls//.m3u8 (403 Client Error: Forbidden for url: https://b-hls-19.doppiocdn.com/hls//.m3u8)

21/07/2024 13:10:32 EXCEPTION: Unable to open URL: https://b-hls-03.doppiocdn.com/hls/129535333/129535333.m3u8 (403 Client Error: Forbidden for url: https://b-hls-18.doppiocdn.com/hls/129535333/129535333.m3u8)

21/07/2024 13:10:51 EXCEPTION: Unable to open URL: https://b-hls-06.doppiocdn.com/hls//.m3u8 (403 Client Error: Forbidden for url: https://b-hls-06.doppiocdn.com/hls//.m3u8)

21/07/2024 13:10:51 EXCEPTION: Unable to open URL: https://b-hls-19.doppiocdn.com/hls//.m3u8 (403 Client Error: Forbidden for url: https://b-hls-19.doppiocdn.com/hls//.m3u8)

21/07/2024 13:10:51 EXCEPTION: Unable to open URL: https://b-hls-03.doppiocdn.com/hls/129535333/129535333.m3u8 (403 Client Error: Forbidden for url: https://b-hls-18.doppiocdn.com/hls/129535333/129535333.m3u8)

21/07/2024 13:10:51 EXCEPTION: Unable to open URL: https://b-hls-14.doppiocdn.com/hls//.m3u8 (403 Client Error: Forbidden for url: https://b-hls-14.doppiocdn.com/hls//.m3u8)

21/07/2024 13:11:11 EXCEPTION: Unable to open URL: https://b-hls-06.doppiocdn.com/hls//.m3u8 (403 Client Error: Forbidden for url: https://b-hls-06.doppiocdn.com/hls//.m3u8)

21/07/2024 13:11:11 EXCEPTION: Unable to open URL: https://b-hls-19.doppiocdn.com/hls//.m3u8 (403 Client Error: Forbidden for url: https://b-hls-19.doppiocdn.com/hls//.m3u8)

21/07/2024 13:11:11 EXCEPTION: Unable to open URL: https://b-hls-14.doppiocdn.com/hls//.m3u8 (403 Client Error: Forbidden for url: https://b-hls-14.doppiocdn.com/hls//.m3u8)

21/07/2024 13:11:11 EXCEPTION: Unable to open URL: https://b-hls-03.doppiocdn.com/hls/129535333/129535333.m3u8 (403 Client Error: Forbidden for url: https://b-hls-18.doppiocdn.com/hls/129535333/129535333.m3u8)

21/07/2024 13:11:31 EXCEPTION: Unable to open URL: https://b-hls-06.doppiocdn.com/hls//.m3u8 (403 Client Error: Forbidden for url: https://b-hls-06.doppiocdn.com/hls//.m3u8)

21/07/2024 13:11:31 EXCEPTION: Unable to open URL: https://b-hls-14.doppiocdn.com/hls//.m3u8 (403 Client Error: Forbidden for url: https://b-hls-14.doppiocdn.com/hls//.m3u8)

21/07/2024 13:11:31 EXCEPTION: Unable to open URL: https://b-hls-19.doppiocdn.com/hls//.m3u8 (403 Client Error: Forbidden for url: https://b-hls-19.doppiocdn.com/hls//.m3u8)

21/07/2024 13:11:31 EXCEPTION: Unable to open URL: https://b-hls-03.doppiocdn.com/hls/129535333/129535333.m3u8 (403 Client Error: Forbidden for url: https://b-hls-18.doppiocdn.com/hls/129535333/129535333.m3u8)

21/07/2024 13:11:51 EXCEPTION: Unable to open URL: https://b-hls-19.doppiocdn.com/hls//.m3u8 (403 Client Error: Forbidden for url: https://b-hls-19.doppiocdn.com/hls//.m3u8)

21/07/2024 13:11:51 EXCEPTION: Unable to open URL: https://b-hls-14.doppiocdn.com/hls//.m3u8 (403 Client Error: Forbidden for url: https://b-hls-14.doppiocdn.com/hls//.m3u8)

21/07/2024 13:11:51 EXCEPTION: Unable to open URL: https://b-hls-03.doppiocdn.com/hls/129535333/129535333.m3u8 (403 Client Error: Forbidden for url: https://b-hls-18.doppiocdn.com/hls/129535333/129535333.m3u8)

21/07/2024 13:11:52 EXCEPTION: Unable to open URL: https://b-hls-06.doppiocdn.com/hls//.m3u8 (403 Client Error: Forbidden for url: https://b-hls-06.doppiocdn.com/hls//.m3u8)

21/07/2024 13:12:11 EXCEPTION: Unable to open URL: https://b-hls-06.doppiocdn.com/hls//.m3u8 (403 Client Error: Forbidden for url: https://b-hls-06.doppiocdn.com/hls//.m3u8)

21/07/2024 13:12:12 EXCEPTION: Unable to open URL: https://b-hls-19.doppiocdn.com/hls//.m3u8 (403 Client Error: Forbidden for url: https://b-hls-19.doppiocdn.com/hls//.m3u8)

21/07/2024 13:12:12 EXCEPTION: Unable to open URL: https://b-hls-14.doppiocdn.com/hls//.m3u8 (403 Client Error: Forbidden for url: https://b-hls-14.doppiocdn.com/hls//.m3u8)

21/07/2024 13:12:12 EXCEPTION: Unable to open URL: https://b-hls-03.doppiocdn.com/hls/129535333/129535333.m3u8 (403 Client Error: Forbidden for url: https://b-hls-18.doppiocdn.com/hls/129535333/129535333.m3u8)

21/07/2024 13:12:31 EXCEPTION: Unable to open URL: https://b-hls-14.doppiocdn.com/hls//.m3u8 (403 Client Error: Forbidden for url: https://b-hls-14.doppiocdn.com/hls//.m3u8)

21/07/2024 13:12:31 EXCEPTION: Unable to open URL: https://b-hls-06.doppiocdn.com/hls//.m3u8 (403 Client Error: Forbidden for url: https://b-hls-06.doppiocdn.com/hls//.m3u8)

21/07/2024 13:12:31 EXCEPTION: Unable to open URL: https://b-hls-19.doppiocdn.com/hls//.m3u8 (403 Client Error: Forbidden for url: https://b-hls-19.doppiocdn.com/hls//.m3u8)

21/07/2024 13:12:32 EXCEPTION: Unable to open URL: https://b-hls-03.doppiocdn.com/hls/129535333/129535333.m3u8 (403 Client Error: Forbidden for url: https://b-hls-18.doppiocdn.com/hls/129535333/129535333.m3u8)

21/07/2024 13:12:52 EXCEPTION: Unable to open URL: https://b-hls-19.doppiocdn.com/hls//.m3u8 (403 Client Error: Forbidden for url: https://b-hls-19.doppiocdn.com/hls//.m3u8)

21/07/2024 13:12:52 EXCEPTION: Unable to open URL: https://b-hls-14.doppiocdn.com/hls//.m3u8 (403 Client Error: Forbidden for url: https://b-hls-14.doppiocdn.com/hls//.m3u8)

21/07/2024 13:12:52 EXCEPTION: Unable to open URL: https://b-hls-06.doppiocdn.com/hls//.m3u8 (403 Client Error: Forbidden for url: https://b-hls-06.doppiocdn.com/hls//.m3u8)

21/07/2024 13:12:53 EXCEPTION: Unable to open URL: https://b-hls-03.doppiocdn.com/hls/129535333/129535333.m3u8 (403 Client Error: Forbidden for url: https://b-hls-18.doppiocdn.com/hls/129535333/129535333.m3u8)

21/07/2024 13:13:12 EXCEPTION: Unable to open URL: https://b-hls-19.doppiocdn.com/hls//.m3u8 (403 Client Error: Forbidden for url: https://b-hls-19.doppiocdn.com/hls//.m3u8)

21/07/2024 13:13:12 EXCEPTION: Unable to open URL: https://b-hls-06.doppiocdn.com/hls//.m3u8 (403 Client Error: Forbidden for url: https://b-hls-06.doppiocdn.com/hls//.m3u8)

21/07/2024 13:13:12 EXCEPTION: Unable to open URL: https://b-hls-14.doppiocdn.com/hls//.m3u8 (403 Client Error: Forbidden for url: https://b-hls-14.doppiocdn.com/hls//.m3u8)

21/07/2024 13:13:12 EXCEPTION: Unable to open URL: https://b-hls-03.doppiocdn.com/hls/129535333/129535333.m3u8 (403 Client Error: Forbidden for url: https://b-hls-18.doppiocdn.com/hls/129535333/129535333.m3u8)

21/07/2024 13:13:32 EXCEPTION: Unable to open URL: https://b-hls-14.doppiocdn.com/hls//.m3u8 (403 Client Error: Forbidden for url: https://b-hls-14.doppiocdn.com/hls//.m3u8)

21/07/2024 13:13:33 EXCEPTION: Unable to open URL: https://b-hls-19.doppiocdn.com/hls//.m3u8 (403 Client Error: Forbidden for url: https://b-hls-19.doppiocdn.com/hls//.m3u8)

21/07/2024 13:13:34 EXCEPTION: Unable to open URL: https://b-hls-06.doppiocdn.com/hls//.m3u8 (403 Client Error: Forbidden for url: https://b-hls-06.doppiocdn.com/hls//.m3u8)

21/07/2024 13:13:34 EXCEPTION: Unable to open URL: https://b-hls-03.doppiocdn.com/hls/129535333/129535333.m3u8 (403 Client Error: Forbidden for url: https://b-hls-18.doppiocdn.com/hls/129535333/129535333.m3u8)

21/07/2024 13:13:52 EXCEPTION: Unable to open URL: https://b-hls-14.doppiocdn.com/hls//.m3u8 (403 Client Error: Forbidden for url: https://b-hls-14.doppiocdn.com/hls//.m3u8)

21/07/2024 13:13:53 EXCEPTION: Unable to open URL: https://b-hls-06.doppiocdn.com/hls//.m3u8 (403 Client Error: Forbidden for url: https://b-hls-06.doppiocdn.com/hls//.m3u8)

21/07/2024 13:13:53 EXCEPTION: Unable to open URL: https://b-hls-03.doppiocdn.com/hls/129535333/129535333.m3u8 (403 Client Error: Forbidden for url: https://b-hls-18.doppiocdn.com/hls/129535333/129535333.m3u8)

21/07/2024 13:13:53 EXCEPTION: Unable to open URL: https://b-hls-19.doppiocdn.com/hls//.m3u8 (403 Client Error: Forbidden for url: https://b-hls-19.doppiocdn.com/hls//.m3u8)

21/07/2024 13:14:12 EXCEPTION: Unable to open URL: https://b-hls-06.doppiocdn.com/hls//.m3u8 (403 Client Error: Forbidden for url: https://b-hls-06.doppiocdn.com/hls//.m3u8)

21/07/2024 13:14:13 EXCEPTION: Unable to open URL: https://b-hls-14.doppiocdn.com/hls//.m3u8 (403 Client Error: Forbidden for url: https://b-hls-14.doppiocdn.com/hls//.m3u8)

21/07/2024 13:14:13 EXCEPTION: Unable to open URL: https://b-hls-19.doppiocdn.com/hls//.m3u8 (403 Client Error: Forbidden for url: https://b-hls-19.doppiocdn.com/hls//.m3u8)

21/07/2024 13:14:13 EXCEPTION: Unable to open URL: https://b-hls-03.doppiocdn.com/hls/129535333/129535333.m3u8 (403 Client Error: Forbidden for url: https://b-hls-18.doppiocdn.com/hls/129535333/129535333.m3u8)

21/07/2024 13:14:32 EXCEPTION: Unable to open URL: https://b-hls-06.doppiocdn.com/hls//.m3u8 (403 Client Error: Forbidden for url: https://b-hls-06.doppiocdn.com/hls//.m3u8)

21/07/2024 13:14:33 EXCEPTION: Unable to open URL: https://b-hls-14.doppiocdn.com/hls//.m3u8 (403 Client Error: Forbidden for url: https://b-hls-14.doppiocdn.com/hls//.m3u8)

21/07/2024 13:14:33 EXCEPTION: Unable to open URL: https://b-hls-03.doppiocdn.com/hls/129535333/129535333.m3u8 (403 Client Error: Forbidden for url: https://b-hls-18.doppiocdn.com/hls/129535333/129535333.m3u8)

21/07/2024 13:14:33 EXCEPTION: Unable to open URL: https://b-hls-19.doppiocdn.com/hls//.m3u8 (403 Client Error: Forbidden for url: https://b-hls-19.doppiocdn.com/hls//.m3u8)

21/07/2024 13:14:53 EXCEPTION: Unable to open URL: https://b-hls-14.doppiocdn.com/hls//.m3u8 (403 Client Error: Forbidden for url: https://b-hls-14.doppiocdn.com/hls//.m3u8)

21/07/2024 13:14:53 EXCEPTION: Unable to open URL: https://b-hls-06.doppiocdn.com/hls//.m3u8 (403 Client Error: Forbidden for url: https://b-hls-06.doppiocdn.com/hls//.m3u8)

21/07/2024 13:14:53 EXCEPTION: Unable to open URL: https://b-hls-19.doppiocdn.com/hls//.m3u8 (403 Client Error: Forbidden for url: https://b-hls-19.doppiocdn.com/hls//.m3u8)

21/07/2024 13:14:54 EXCEPTION: Unable to open URL: https://b-hls-03.doppiocdn.com/hls/129535333/129535333.m3u8 (403 Client Error: Forbidden for url: https://b-hls-18.doppiocdn.com/hls/129535333/129535333.m3u8)

21/07/2024 13:15:13 EXCEPTION: Unable to open URL: https://b-hls-14.doppiocdn.com/hls//.m3u8 (403 Client Error: Forbidden for url: https://b-hls-14.doppiocdn.com/hls//.m3u8)

21/07/2024 13:15:13 EXCEPTION: Unable to open URL: https://b-hls-06.doppiocdn.com/hls//.m3u8 (403 Client Error: Forbidden for url: https://b-hls-06.doppiocdn.com/hls//.m3u8)

21/07/2024 13:15:13 EXCEPTION: Unable to open URL: https://b-hls-03.doppiocdn.com/hls/129535333/129535333.m3u8 (403 Client Error: Forbidden for url: https://b-hls-18.doppiocdn.com/hls/129535333/129535333.m3u8)

21/07/2024 13:15:33 EXCEPTION: Unable to open URL: https://b-hls-06.doppiocdn.com/hls//.m3u8 (403 Client Error: Forbidden for url: https://b-hls-06.doppiocdn.com/hls//.m3u8)

21/07/2024 13:15:34 EXCEPTION: Unable to open URL: https://b-hls-03.doppiocdn.com/hls/129535333/129535333.m3u8 (403 Client Error: Forbidden for url: https://b-hls-18.doppiocdn.com/hls/129535333/129535333.m3u8)

21/07/2024 13:15:34 EXCEPTION: Unable to open URL: https://b-hls-19.doppiocdn.com/hls//.m3u8 (403 Client Error: Forbidden for url: https://b-hls-19.doppiocdn.com/hls//.m3u8)

21/07/2024 13:15:34 EXCEPTION: Unable to open URL: https://b-hls-14.doppiocdn.com/hls//.m3u8 (403 Client Error: Forbidden for url: https://b-hls-14.doppiocdn.com/hls//.m3u8)

21/07/2024 13:15:53 EXCEPTION: Unable to open URL: https://b-hls-06.doppiocdn.com/hls//.m3u8 (403 Client Error: Forbidden for url: https://b-hls-06.doppiocdn.com/hls//.m3u8)

21/07/2024 13:15:53 EXCEPTION: Unable to open URL: https://b-hls-14.doppiocdn.com/hls//.m3u8 (403 Client Error: Forbidden for url: https://b-hls-14.doppiocdn.com/hls//.m3u8)

21/07/2024 13:15:54 EXCEPTION: Unable to open URL: https://b-hls-19.doppiocdn.com/hls//.m3u8 (403 Client Error: Forbidden for url: https://b-hls-19.doppiocdn.com/hls//.m3u8)

21/07/2024 13:15:56 EXCEPTION: Unable to open URL: https://b-hls-03.doppiocdn.com/hls/129535333/129535333.m3u8 (403 Client Error: Forbidden for url: https://b-hls-18.doppiocdn.com/hls/129535333/129535333.m3u8)

21/07/2024 13:16:13 EXCEPTION: Unable to open URL: https://b-hls-14.doppiocdn.com/hls//.m3u8 (403 Client Error: Forbidden for url: https://b-hls-14.doppiocdn.com/hls//.m3u8)

21/07/2024 13:16:13 EXCEPTION: Unable to open URL: https://b-hls-06.doppiocdn.com/hls//.m3u8 (403 Client Error: Forbidden for url: https://b-hls-06.doppiocdn.com/hls//.m3u8)

21/07/2024 13:16:14 EXCEPTION: Unable to open URL: https://b-hls-19.doppiocdn.com/hls//.m3u8 (403 Client Error: Forbidden for url: https://b-hls-19.doppiocdn.com/hls//.m3u8)

21/07/2024 13:16:14 EXCEPTION: Unable to open URL: https://b-hls-03.doppiocdn.com/hls/129535333/129535333.m3u8 (403 Client Error: Forbidden for url: https://b-hls-18.doppiocdn.com/hls/129535333/129535333.m3u8)

21/07/2024 13:16:33 EXCEPTION: Unable to open URL: https://b-hls-06.doppiocdn.com/hls//.m3u8 (403 Client Error: Forbidden for url: https://b-hls-06.doppiocdn.com/hls//.m3u8)

21/07/2024 13:16:33 EXCEPTION: Unable to open URL: https://b-hls-14.doppiocdn.com/hls//.m3u8 (403 Client Error: Forbidden for url: https://b-hls-14.doppiocdn.com/hls//.m3u8)

21/07/2024 13:16:34 EXCEPTION: Unable to open URL: https://b-hls-19.doppiocdn.com/hls//.m3u8 (403 Client Error: Forbidden for url: https://b-hls-19.doppiocdn.com/hls//.m3u8)

21/07/2024 13:16:34 EXCEPTION: Unable to open URL: https://b-hls-03.doppiocdn.com/hls/129535333/129535333.m3u8 (403 Client Error: Forbidden for url: https://b-hls-18.doppiocdn.com/hls/129535333/129535333.m3u8)

21/07/2024 13:16:54 EXCEPTION: Unable to open URL: https://b-hls-14.doppiocdn.com/hls//.m3u8 (403 Client Error: Forbidden for url: https://b-hls-14.doppiocdn.com/hls//.m3u8)

21/07/2024 13:16:54 EXCEPTION: Unable to open URL: https://b-hls-06.doppiocdn.com/hls//.m3u8 (403 Client Error: Forbidden for url: https://b-hls-06.doppiocdn.com/hls//.m3u8)

21/07/2024 13:16:55 EXCEPTION: Unable to open URL: https://b-hls-19.doppiocdn.com/hls//.m3u8 (403 Client Error: Forbidden for url: https://b-hls-19.doppiocdn.com/hls//.m3u8)

21/07/2024 13:16:55 EXCEPTION: Unable to open URL: https://b-hls-03.doppiocdn.com/hls/129535333/129535333.m3u8 (403 Client Error: Forbidden for url: https://b-hls-18.doppiocdn.com/hls/129535333/129535333.m3u8)

21/07/2024 13:17:14 EXCEPTION: Unable to open URL: https://b-hls-14.doppiocdn.com/hls//.m3u8 (403 Client Error: Forbidden for url: https://b-hls-14.doppiocdn.com/hls//.m3u8)

21/07/2024 13:17:14 EXCEPTION: Unable to open URL: https://b-hls-19.doppiocdn.com/hls//.m3u8 (403 Client Error: Forbidden for url: https://b-hls-19.doppiocdn.com/hls//.m3u8)

21/07/2024 13:17:14 EXCEPTION: Unable to open URL: https://b-hls-06.doppiocdn.com/hls//.m3u8 (403 Client Error: Forbidden for url: https://b-hls-06.doppiocdn.com/hls//.m3u8)

21/07/2024 13:17:15 EXCEPTION: Unable to open URL: https://b-hls-03.doppiocdn.com/hls/129535333/129535333.m3u8 (403 Client Error: Forbidden for url: https://b-hls-18.doppiocdn.com/hls/129535333/129535333.m3u8)

21/07/2024 13:17:34 EXCEPTION: Unable to open URL: https://b-hls-14.doppiocdn.com/hls//.m3u8 (403 Client Error: Forbidden for url: https://b-hls-14.doppiocdn.com/hls//.m3u8)

21/07/2024 13:17:34 EXCEPTION: Unable to open URL: https://b-hls-06.doppiocdn.com/hls//.m3u8 (403 Client Error: Forbidden for url: https://b-hls-06.doppiocdn.com/hls//.m3u8)

21/07/2024 13:17:34 EXCEPTION: Unable to open URL: https://b-hls-19.doppiocdn.com/hls//.m3u8 (403 Client Error: Forbidden for url: https://b-hls-19.doppiocdn.com/hls//.m3u8)

21/07/2024 13:17:35 EXCEPTION: Unable to open URL: https://b-hls-03.doppiocdn.com/hls/129535333/129535333.m3u8 (403 Client Error: Forbidden for url: https://b-hls-18.doppiocdn.com/hls/129535333/129535333.m3u8)

21/07/2024 13:17:54 EXCEPTION: Unable to open URL: https://b-hls-06.doppiocdn.com/hls//.m3u8 (403 Client Error: Forbidden for url: https://b-hls-06.doppiocdn.com/hls//.m3u8)

21/07/2024 13:17:54 EXCEPTION: Unable to open URL: https://b-hls-14.doppiocdn.com/hls//.m3u8 (403 Client Error: Forbidden for url: https://b-hls-14.doppiocdn.com/hls//.m3u8)

21/07/2024 13:17:54 EXCEPTION: Unable to open URL: https://b-hls-19.doppiocdn.com/hls//.m3u8 (403 Client Error: Forbidden for url: https://b-hls-19.doppiocdn.com/hls//.m3u8)

21/07/2024 13:17:55 EXCEPTION: Unable to open URL: https://b-hls-03.doppiocdn.com/hls/129535333/129535333.m3u8 (403 Client Error: Forbidden for url: https://b-hls-18.doppiocdn.com/hls/129535333/129535333.m3u8)

21/07/2024 13:18:14 EXCEPTION: Unable to open URL: https://b-hls-06.doppiocdn.com/hls//.m3u8 (403 Client Error: Forbidden for url: https://b-hls-06.doppiocdn.com/hls//.m3u8)

21/07/2024 13:18:15 EXCEPTION: Unable to open URL: https://b-hls-14.doppiocdn.com/hls//.m3u8 (403 Client Error: Forbidden for url: https://b-hls-14.doppiocdn.com/hls//.m3u8)

21/07/2024 13:18:15 EXCEPTION: Unable to open URL: https://b-hls-03.doppiocdn.com/hls/129535333/129535333.m3u8 (403 Client Error: Forbidden for url: https://b-hls-18.doppiocdn.com/hls/129535333/129535333.m3u8)

21/07/2024 13:18:15 EXCEPTION: Unable to open URL: https://b-hls-19.doppiocdn.com/hls//.m3u8 (403 Client Error: Forbidden for url: https://b-hls-19.doppiocdn.com/hls//.m3u8)

21/07/2024 13:18:35 EXCEPTION: Unable to open URL: https://b-hls-19.doppiocdn.com/hls//.m3u8 (403 Client Error: Forbidden for url: https://b-hls-19.doppiocdn.com/hls//.m3u8)

21/07/2024 13:18:35 EXCEPTION: Unable to open URL: https://b-hls-14.doppiocdn.com/hls//.m3u8 (403 Client Error: Forbidden for url: https://b-hls-14.doppiocdn.com/hls//.m3u8)

21/07/2024 13:18:35 EXCEPTION: Unable to open URL: https://b-hls-06.doppiocdn.com/hls//.m3u8 (403 Client Error: Forbidden for url: https://b-hls-06.doppiocdn.com/hls//.m3u8)

21/07/2024 13:18:36 EXCEPTION: Unable to open URL: https://b-hls-03.doppiocdn.com/hls/129535333/129535333.m3u8 (403 Client Error: Forbidden for url: https://b-hls-18.doppiocdn.com/hls/129535333/129535333.m3u8)

21/07/2024 13:18:54 EXCEPTION: Unable to open URL: https://b-hls-06.doppiocdn.com/hls//.m3u8 (403 Client Error: Forbidden for url: https://b-hls-06.doppiocdn.com/hls//.m3u8)

21/07/2024 13:18:55 EXCEPTION: Unable to open URL: https://b-hls-14.doppiocdn.com/hls//.m3u8 (403 Client Error: Forbidden for url: https://b-hls-14.doppiocdn.com/hls//.m3u8)

21/07/2024 13:18:55 EXCEPTION: Unable to open URL: https://b-hls-03.doppiocdn.com/hls/129535333/129535333.m3u8 (403 Client Error: Forbidden for url: https://b-hls-18.doppiocdn.com/hls/129535333/129535333.m3u8)

21/07/2024 13:18:55 EXCEPTION: Unable to open URL: https://b-hls-19.doppiocdn.com/hls//.m3u8 (403 Client Error: Forbidden for url: https://b-hls-19.doppiocdn.com/hls//.m3u8)

21/07/2024 13:19:15 EXCEPTION: Unable to open URL: https://b-hls-14.doppiocdn.com/hls//.m3u8 (403 Client Error: Forbidden for url: https://b-hls-14.doppiocdn.com/hls//.m3u8)

21/07/2024 13:19:15 EXCEPTION: Unable to open URL: https://b-hls-06.doppiocdn.com/hls//.m3u8 (403 Client Error: Forbidden for url: https://b-hls-06.doppiocdn.com/hls//.m3u8)

21/07/2024 13:19:15 EXCEPTION: Unable to open URL: https://b-hls-19.doppiocdn.com/hls//.m3u8 (403 Client Error: Forbidden for url: https://b-hls-19.doppiocdn.com/hls//.m3u8)

21/07/2024 13:19:16 EXCEPTION: Unable to open URL: https://b-hls-03.doppiocdn.com/hls/129535333/129535333.m3u8 (403 Client Error: Forbidden for url: https://b-hls-18.doppiocdn.com/hls/129535333/129535333.m3u8)

21/07/2024 13:19:35 EXCEPTION: Unable to open URL: https://b-hls-06.doppiocdn.com/hls//.m3u8 (403 Client Error: Forbidden for url: https://b-hls-06.doppiocdn.com/hls//.m3u8)

21/07/2024 13:19:35 EXCEPTION: Unable to open URL: https://b-hls-14.doppiocdn.com/hls//.m3u8 (403 Client Error: Forbidden for url: https://b-hls-14.doppiocdn.com/hls//.m3u8)

21/07/2024 13:19:36 EXCEPTION: Unable to open URL: https://b-hls-03.doppiocdn.com/hls/129535333/129535333.m3u8 (403 Client Error: Forbidden for url: https://b-hls-18.doppiocdn.com/hls/129535333/129535333.m3u8)

21/07/2024 13:19:37 EXCEPTION: Unable to open URL: https://b-hls-19.doppiocdn.com/hls//.m3u8 (403 Client Error: Forbidden for url: https://b-hls-19.doppiocdn.com/hls//.m3u8)

21/07/2024 13:19:55 EXCEPTION: Unable to open URL: https://b-hls-06.doppiocdn.com/hls//.m3u8 (403 Client Error: Forbidden for url: https://b-hls-06.doppiocdn.com/hls//.m3u8)

21/07/2024 13:19:55 EXCEPTION: Unable to open URL: https://b-hls-14.doppiocdn.com/hls//.m3u8 (403 Client Error: Forbidden for url: https://b-hls-14.doppiocdn.com/hls//.m3u8)

21/07/2024 13:19:56 EXCEPTION: Unable to open URL: https://b-hls-19.doppiocdn.com/hls//.m3u8 (403 Client Error: Forbidden for url: https://b-hls-19.doppiocdn.com/hls//.m3u8)

21/07/2024 13:19:56 EXCEPTION: Unable to open URL: https://b-hls-03.doppiocdn.com/hls/129535333/129535333.m3u8 (403 Client Error: Forbidden for url: https://b-hls-18.doppiocdn.com/hls/129535333/129535333.m3u8)

21/07/2024 13:20:15 EXCEPTION: Unable to open URL: https://b-hls-06.doppiocdn.com/hls//.m3u8 (403 Client Error: Forbidden for url: https://b-hls-06.doppiocdn.com/hls//.m3u8)

21/07/2024 13:20:15 EXCEPTION: Unable to open URL: https://b-hls-14.doppiocdn.com/hls//.m3u8 (403 Client Error: Forbidden for url: https://b-hls-14.doppiocdn.com/hls//.m3u8)

21/07/2024 13:20:16 EXCEPTION: Unable to open URL: https://b-hls-19.doppiocdn.com/hls//.m3u8 (403 Client Error: Forbidden for url: https://b-hls-19.doppiocdn.com/hls//.m3u8)

21/07/2024 13:20:16 EXCEPTION: Unable to open URL: https://b-hls-03.doppiocdn.com/hls/129535333/129535333.m3u8 (403 Client Error: Forbidden for url: https://b-hls-18.doppiocdn.com/hls/129535333/129535333.m3u8)

21/07/2024 13:20:36 EXCEPTION: Unable to open URL: https://b-hls-14.doppiocdn.com/hls//.m3u8 (403 Client Error: Forbidden for url: https://b-hls-14.doppiocdn.com/hls//.m3u8)

21/07/2024 13:20:36 EXCEPTION: Unable to open URL: https://b-hls-19.doppiocdn.com/hls//.m3u8 (403 Client Error: Forbidden for url: https://b-hls-19.doppiocdn.com/hls//.m3u8)

21/07/2024 13:20:36 EXCEPTION: Unable to open URL: https://b-hls-06.doppiocdn.com/hls//.m3u8 (403 Client Error: Forbidden for url: https://b-hls-06.doppiocdn.com/hls//.m3u8)

21/07/2024 13:20:37 EXCEPTION: Unable to open URL: https://b-hls-03.doppiocdn.com/hls/129535333/129535333.m3u8 (403 Client Error: Forbidden for url: https://b-hls-18.doppiocdn.com/hls/129535333/129535333.m3u8)

21/07/2024 13:20:55 EXCEPTION: Unable to open URL: https://b-hls-14.doppiocdn.com/hls//.m3u8 (403 Client Error: Forbidden for url: https://b-hls-14.doppiocdn.com/hls//.m3u8)

21/07/2024 13:20:56 EXCEPTION: Unable to open URL: https://b-hls-19.doppiocdn.com/hls//.m3u8 (403 Client Error: Forbidden for url: https://b-hls-19.doppiocdn.com/hls//.m3u8)

21/07/2024 13:20:56 EXCEPTION: Unable to open URL: https://b-hls-06.doppiocdn.com/hls//.m3u8 (403 Client Error: Forbidden for url: https://b-hls-06.doppiocdn.com/hls//.m3u8)

21/07/2024 13:20:57 EXCEPTION: Unable to open URL: https://b-hls-03.doppiocdn.com/hls/129535333/129535333.m3u8 (403 Client Error: Forbidden for url: https://b-hls-18.doppiocdn.com/hls/129535333/129535333.m3u8)

21/07/2024 13:21:16 EXCEPTION: Unable to open URL: https://b-hls-14.doppiocdn.com/hls//.m3u8 (403 Client Error: Forbidden for url: https://b-hls-14.doppiocdn.com/hls//.m3u8)

21/07/2024 13:21:16 EXCEPTION: Unable to open URL: https://b-hls-19.doppiocdn.com/hls//.m3u8 (403 Client Error: Forbidden for url: https://b-hls-19.doppiocdn.com/hls//.m3u8)

21/07/2024 13:21:16 EXCEPTION: Unable to open URL: https://b-hls-06.doppiocdn.com/hls//.m3u8 (403 Client Error: Forbidden for url: https://b-hls-06.doppiocdn.com/hls//.m3u8)

21/07/2024 13:21:17 EXCEPTION: Unable to open URL: https://b-hls-03.doppiocdn.com/hls/129535333/129535333.m3u8 (403 Client Error: Forbidden for url: https://b-hls-18.doppiocdn.com/hls/129535333/129535333.m3u8)

21/07/2024 13:21:36 EXCEPTION: Unable to open URL: https://b-hls-14.doppiocdn.com/hls//.m3u8 (403 Client Error: Forbidden for url: https://b-hls-14.doppiocdn.com/hls//.m3u8)

21/07/2024 13:21:36 EXCEPTION: Unable to open URL: https://b-hls-06.doppiocdn.com/hls//.m3u8 (403 Client Error: Forbidden for url: https://b-hls-06.doppiocdn.com/hls//.m3u8)

21/07/2024 13:21:36 EXCEPTION: Unable to open URL: https://b-hls-19.doppiocdn.com/hls//.m3u8 (403 Client Error: Forbidden for url: https://b-hls-19.doppiocdn.com/hls//.m3u8)

21/07/2024 13:21:38 EXCEPTION: Unable to open URL: https://b-hls-03.doppiocdn.com/hls/129535333/129535333.m3u8 (403 Client Error: Forbidden for url: https://b-hls-18.doppiocdn.com/hls/129535333/129535333.m3u8)

21/07/2024 13:21:56 EXCEPTION: Unable to open URL: https://b-hls-06.doppiocdn.com/hls//.m3u8 (403 Client Error: Forbidden for url: https://b-hls-06.doppiocdn.com/hls//.m3u8)

21/07/2024 13:21:56 EXCEPTION: Unable to open URL: https://b-hls-14.doppiocdn.com/hls//.m3u8 (403 Client Error: Forbidden for url: https://b-hls-14.doppiocdn.com/hls//.m3u8)

21/07/2024 13:21:56 EXCEPTION: Unable to open URL: https://b-hls-19.doppiocdn.com/hls//.m3u8 (403 Client Error: Forbidden for url: https://b-hls-19.doppiocdn.com/hls//.m3u8)

21/07/2024 13:21:57 EXCEPTION: Unable to open URL: https://b-hls-03.doppiocdn.com/hls/129535333/129535333.m3u8 (403 Client Error: Forbidden for url: https://b-hls-18.doppiocdn.com/hls/129535333/129535333.m3u8)

21/07/2024 13:22:17 EXCEPTION: Unable to open URL: https://b-hls-06.doppiocdn.com/hls//.m3u8 (403 Client Error: Forbidden for url: https://b-hls-06.doppiocdn.com/hls//.m3u8)

21/07/2024 13:22:17 EXCEPTION: Unable to open URL: https://b-hls-19.doppiocdn.com/hls//.m3u8 (403 Client Error: Forbidden for url: https://b-hls-19.doppiocdn.com/hls//.m3u8)

21/07/2024 13:22:17 EXCEPTION: Unable to open URL: https://b-hls-14.doppiocdn.com/hls//.m3u8 (403 Client Error: Forbidden for url: https://b-hls-14.doppiocdn.com/hls//.m3u8)

21/07/2024 13:22:17 EXCEPTION: Unable to open URL: https://b-hls-03.doppiocdn.com/hls/129535333/129535333.m3u8 (403 Client Error: Forbidden for url: https://b-hls-18.doppiocdn.com/hls/129535333/129535333.m3u8)

21/07/2024 13:22:36 EXCEPTION: Unable to open URL: https://b-hls-06.doppiocdn.com/hls//.m3u8 (403 Client Error: Forbidden for url: https://b-hls-06.doppiocdn.com/hls//.m3u8)

21/07/2024 13:22:37 EXCEPTION: Unable to open URL: https://b-hls-14.doppiocdn.com/hls//.m3u8 (403 Client Error: Forbidden for url: https://b-hls-14.doppiocdn.com/hls//.m3u8)

21/07/2024 13:22:37 EXCEPTION: Unable to open URL: https://b-hls-19.doppiocdn.com/hls//.m3u8 (403 Client Error: Forbidden for url: https://b-hls-19.doppiocdn.com/hls//.m3u8)

21/07/2024 13:22:38 EXCEPTION: Unable to open URL: https://b-hls-03.doppiocdn.com/hls/129535333/129535333.m3u8 (403 Client Error: Forbidden for url: https://b-hls-18.doppiocdn.com/hls/129535333/129535333.m3u8)

21/07/2024 13:22:57 EXCEPTION: Unable to open URL: https://b-hls-06.doppiocdn.com/hls//.m3u8 (403 Client Error: Forbidden for url: https://b-hls-06.doppiocdn.com/hls//.m3u8)

21/07/2024 13:22:57 EXCEPTION: Unable to open URL: https://b-hls-19.doppiocdn.com/hls//.m3u8 (403 Client Error: Forbidden for url: https://b-hls-19.doppiocdn.com/hls//.m3u8)

21/07/2024 13:22:57 EXCEPTION: Unable to open URL: https://b-hls-14.doppiocdn.com/hls//.m3u8 (403 Client Error: Forbidden for url: https://b-hls-14.doppiocdn.com/hls//.m3u8)

21/07/2024 13:22:58 EXCEPTION: Unable to open URL: https://b-hls-03.doppiocdn.com/hls/129535333/129535333.m3u8 (403 Client Error: Forbidden for url: https://b-hls-18.doppiocdn.com/hls/129535333/129535333.m3u8)

21/07/2024 13:23:17 EXCEPTION: Unable to open URL: https://b-hls-14.doppiocdn.com/hls//.m3u8 (403 Client Error: Forbidden for url: https://b-hls-14.doppiocdn.com/hls//.m3u8)

21/07/2024 13:23:17 EXCEPTION: Unable to open URL: https://b-hls-19.doppiocdn.com/hls//.m3u8 (403 Client Error: Forbidden for url: https://b-hls-19.doppiocdn.com/hls//.m3u8)

21/07/2024 13:23:17 EXCEPTION: Unable to open URL: https://b-hls-06.doppiocdn.com/hls//.m3u8 (403 Client Error: Forbidden for url: https://b-hls-06.doppiocdn.com/hls//.m3u8)

21/07/2024 13:23:18 EXCEPTION: Unable to open URL: https://b-hls-03.doppiocdn.com/hls/129535333/129535333.m3u8 (403 Client Error: Forbidden for url: https://b-hls-18.doppiocdn.com/hls/129535333/129535333.m3u8)

21/07/2024 13:23:37 EXCEPTION: Unable to open URL: https://b-hls-06.doppiocdn.com/hls//.m3u8 (403 Client Error: Forbidden for url: https://b-hls-06.doppiocdn.com/hls//.m3u8)

21/07/2024 13:23:37 EXCEPTION: Unable to open URL: https://b-hls-19.doppiocdn.com/hls//.m3u8 (403 Client Error: Forbidden for url: https://b-hls-19.doppiocdn.com/hls//.m3u8)

21/07/2024 13:23:38 EXCEPTION: Unable to open URL: https://b-hls-14.doppiocdn.com/hls//.m3u8 (403 Client Error: Forbidden for url: https://b-hls-14.doppiocdn.com/hls//.m3u8)

21/07/2024 13:23:38 EXCEPTION: Unable to open URL: https://b-hls-03.doppiocdn.com/hls/129535333/129535333.m3u8 (403 Client Error: Forbidden for url: https://b-hls-18.doppiocdn.com/hls/129535333/129535333.m3u8)

21/07/2024 13:23:57 EXCEPTION: Unable to open URL: https://b-hls-14.doppiocdn.com/hls//.m3u8 (403 Client Error: Forbidden for url: https://b-hls-14.doppiocdn.com/hls//.m3u8)

21/07/2024 13:23:57 EXCEPTION: Unable to open URL: https://b-hls-06.doppiocdn.com/hls//.m3u8 (403 Client Error: Forbidden for url: https://b-hls-06.doppiocdn.com/hls//.m3u8)

21/07/2024 13:23:58 EXCEPTION: Unable to open URL: https://b-hls-03.doppiocdn.com/hls/129535333/129535333.m3u8 (403 Client Error: Forbidden for url: https://b-hls-18.doppiocdn.com/hls/129535333/129535333.m3u8)

21/07/2024 13:24:17 EXCEPTION: Unable to open URL: https://b-hls-06.doppiocdn.com/hls//.m3u8 (403 Client Error: Forbidden for url: https://b-hls-06.doppiocdn.com/hls//.m3u8)

21/07/2024 13:24:18 EXCEPTION: Unable to open URL: https://b-hls-19.doppiocdn.com/hls//.m3u8 (403 Client Error: Forbidden for url: https://b-hls-19.doppiocdn.com/hls//.m3u8)

21/07/2024 13:24:18 EXCEPTION: Unable to open URL: https://b-hls-14.doppiocdn.com/hls//.m3u8 (403 Client Error: Forbidden for url: https://b-hls-14.doppiocdn.com/hls//.m3u8)

21/07/2024 13:24:20 EXCEPTION: Unable to open URL: https://b-hls-03.doppiocdn.com/hls/129535333/129535333.m3u8 (403 Client Error: Forbidden for url: https://b-hls-18.doppiocdn.com/hls/129535333/129535333.m3u8)

21/07/2024 13:24:37 EXCEPTION: Unable to open URL: https://b-hls-06.doppiocdn.com/hls//.m3u8 (403 Client Error: Forbidden for url: https://b-hls-06.doppiocdn.com/hls//.m3u8)

21/07/2024 13:24:38 EXCEPTION: Unable to open URL: https://b-hls-14.doppiocdn.com/hls//.m3u8 (403 Client Error: Forbidden for url: https://b-hls-14.doppiocdn.com/hls//.m3u8)

21/07/2024 13:24:38 EXCEPTION: Unable to open URL: https://b-hls-19.doppiocdn.com/hls//.m3u8 (403 Client Error: Forbidden for url: https://b-hls-19.doppiocdn.com/hls//.m3u8)

21/07/2024 13:24:39 EXCEPTION: Unable to open URL: https://b-hls-03.doppiocdn.com/hls/129535333/129535333.m3u8 (403 Client Error: Forbidden for url: https://b-hls-18.doppiocdn.com/hls/129535333/129535333.m3u8)

21/07/2024 13:24:58 EXCEPTION: Unable to open URL: https://b-hls-06.doppiocdn.com/hls//.m3u8 (403 Client Error: Forbidden for url: https://b-hls-06.doppiocdn.com/hls//.m3u8)

21/07/2024 13:24:58 EXCEPTION: Unable to open URL: https://b-hls-14.doppiocdn.com/hls//.m3u8 (403 Client Error: Forbidden for url: https://b-hls-14.doppiocdn.com/hls//.m3u8)

21/07/2024 13:24:58 EXCEPTION: Unable to open URL: https://b-hls-19.doppiocdn.com/hls//.m3u8 (403 Client Error: Forbidden for url: https://b-hls-19.doppiocdn.com/hls//.m3u8)

21/07/2024 13:24:58 EXCEPTION: Unable to open URL: https://b-hls-03.doppiocdn.com/hls/129535333/129535333.m3u8 (403 Client Error: Forbidden for url: https://b-hls-18.doppiocdn.com/hls/129535333/129535333.m3u8)

21/07/2024 13:25:18 EXCEPTION: Unable to open URL: https://b-hls-06.doppiocdn.com/hls//.m3u8 (403 Client Error: Forbidden for url: https://b-hls-06.doppiocdn.com/hls//.m3u8)

21/07/2024 13:25:18 EXCEPTION: Unable to open URL: https://b-hls-14.doppiocdn.com/hls//.m3u8 (403 Client Error: Forbidden for url: https://b-hls-14.doppiocdn.com/hls//.m3u8)

21/07/2024 13:25:18 EXCEPTION: Unable to open URL: https://b-hls-19.doppiocdn.com/hls//.m3u8 (403 Client Error: Forbidden for url: https://b-hls-19.doppiocdn.com/hls//.m3u8)

21/07/2024 13:25:19 EXCEPTION: Unable to open URL: https://b-hls-03.doppiocdn.com/hls/129535333/129535333.m3u8 (403 Client Error: Forbidden for url: https://b-hls-18.doppiocdn.com/hls/129535333/129535333.m3u8)

21/07/2024 13:25:38 EXCEPTION: Unable to open URL: https://b-hls-14.doppiocdn.com/hls//.m3u8 (403 Client Error: Forbidden for url: https://b-hls-14.doppiocdn.com/hls//.m3u8)

21/07/2024 13:25:38 EXCEPTION: Unable to open URL: https://b-hls-06.doppiocdn.com/hls//.m3u8 (403 Client Error: Forbidden for url: https://b-hls-06.doppiocdn.com/hls//.m3u8)

21/07/2024 13:25:38 EXCEPTION: Unable to open URL: https://b-hls-19.doppiocdn.com/hls//.m3u8 (403 Client Error: Forbidden for url: https://b-hls-19.doppiocdn.com/hls//.m3u8)

21/07/2024 13:25:39 EXCEPTION: Unable to open URL: https://b-hls-03.doppiocdn.com/hls/129535333/129535333.m3u8 (403 Client Error: Forbidden for url: https://b-hls-18.doppiocdn.com/hls/129535333/129535333.m3u8)

21/07/2024 13:25:58 EXCEPTION: Unable to open URL: https://b-hls-06.doppiocdn.com/hls//.m3u8 (403 Client Error: Forbidden for url: https://b-hls-06.doppiocdn.com/hls//.m3u8)

21/07/2024 13:25:58 EXCEPTION: Unable to open URL: https://b-hls-14.doppiocdn.com/hls//.m3u8 (403 Client Error: Forbidden for url: https://b-hls-14.doppiocdn.com/hls//.m3u8)

21/07/2024 13:25:59 EXCEPTION: Unable to open URL: https://b-hls-19.doppiocdn.com/hls//.m3u8 (403 Client Error: Forbidden for url: https://b-hls-19.doppiocdn.com/hls//.m3u8)

21/07/2024 13:25:59 EXCEPTION: Unable to open URL: https://b-hls-03.doppiocdn.com/hls/129535333/129535333.m3u8 (403 Client Error: Forbidden for url: https://b-hls-18.doppiocdn.com/hls/129535333/129535333.m3u8)

21/07/2024 13:26:18 EXCEPTION: Unable to open URL: https://b-hls-06.doppiocdn.com/hls//.m3u8 (403 Client Error: Forbidden for url: https://b-hls-06.doppiocdn.com/hls//.m3u8)

21/07/2024 13:26:18 EXCEPTION: Unable to open URL: https://b-hls-14.doppiocdn.com/hls//.m3u8 (403 Client Error: Forbidden for url: https://b-hls-14.doppiocdn.com/hls//.m3u8)

21/07/2024 13:26:18 EXCEPTION: Unable to open URL: https://b-hls-19.doppiocdn.com/hls//.m3u8 (403 Client Error: Forbidden for url: https://b-hls-19.doppiocdn.com/hls//.m3u8)

21/07/2024 13:26:20 EXCEPTION: Unable to open URL: https://b-hls-03.doppiocdn.com/hls/129535333/129535333.m3u8 (403 Client Error: Forbidden for url: https://b-hls-18.doppiocdn.com/hls/129535333/129535333.m3u8)

21/07/2024 13:26:38 EXCEPTION: Unable to open URL: https://b-hls-19.doppiocdn.com/hls//.m3u8 (403 Client Error: Forbidden for url: https://b-hls-19.doppiocdn.com/hls//.m3u8)

21/07/2024 13:26:38 EXCEPTION: Unable to open URL: https://b-hls-14.doppiocdn.com/hls//.m3u8 (403 Client Error: Forbidden for url: https://b-hls-14.doppiocdn.com/hls//.m3u8)

21/07/2024 13:26:38 EXCEPTION: Unable to open URL: https://b-hls-06.doppiocdn.com/hls//.m3u8 (403 Client Error: Forbidden for url: https://b-hls-06.doppiocdn.com/hls//.m3u8)

21/07/2024 13:26:39 EXCEPTION: Unable to open URL: https://b-hls-03.doppiocdn.com/hls/129535333/129535333.m3u8 (403 Client Error: Forbidden for url: https://b-hls-18.doppiocdn.com/hls/129535333/129535333.m3u8)

21/07/2024 13:26:58 EXCEPTION: Unable to open URL: https://b-hls-14.doppiocdn.com/hls//.m3u8 (403 Client Error: Forbidden for url: https://b-hls-14.doppiocdn.com/hls//.m3u8)

21/07/2024 13:26:59 EXCEPTION: Unable to open URL: https://b-hls-19.doppiocdn.com/hls//.m3u8 (403 Client Error: Forbidden for url: https://b-hls-19.doppiocdn.com/hls//.m3u8)

21/07/2024 13:26:59 EXCEPTION: Unable to open URL: https://b-hls-06.doppiocdn.com/hls//.m3u8 (403 Client Error: Forbidden for url: https://b-hls-06.doppiocdn.com/hls//.m3u8)

21/07/2024 13:26:59 EXCEPTION: Unable to open URL: https://b-hls-03.doppiocdn.com/hls/129535333/129535333.m3u8 (403 Client Error: Forbidden for url: https://b-hls-18.doppiocdn.com/hls/129535333/129535333.m3u8)

21/07/2024 13:27:19 EXCEPTION: Unable to open URL: https://b-hls-19.doppiocdn.com/hls//.m3u8 (403 Client Error: Forbidden for url: https://b-hls-19.doppiocdn.com/hls//.m3u8)

21/07/2024 13:27:19 EXCEPTION: Unable to open URL: https://b-hls-14.doppiocdn.com/hls//.m3u8 (403 Client Error: Forbidden for url: https://b-hls-14.doppiocdn.com/hls//.m3u8)

21/07/2024 13:27:19 EXCEPTION: Unable to open URL: https://b-hls-06.doppiocdn.com/hls//.m3u8 (403 Client Error: Forbidden for url: https://b-hls-06.doppiocdn.com/hls//.m3u8)

21/07/2024 13:27:19 EXCEPTION: Unable to open URL: https://b-hls-03.doppiocdn.com/hls/129535333/129535333.m3u8 (403 Client Error: Forbidden for url: https://b-hls-18.doppiocdn.com/hls/129535333/129535333.m3u8)

21/07/2024 13:27:39 EXCEPTION: Unable to open URL: https://b-hls-14.doppiocdn.com/hls//.m3u8 (403 Client Error: Forbidden for url: https://b-hls-14.doppiocdn.com/hls//.m3u8)

21/07/2024 13:27:39 EXCEPTION: Unable to open URL: https://b-hls-19.doppiocdn.com/hls//.m3u8 (403 Client Error: Forbidden for url: https://b-hls-19.doppiocdn.com/hls//.m3u8)

21/07/2024 13:27:39 EXCEPTION: Unable to open URL: https://b-hls-06.doppiocdn.com/hls//.m3u8 (403 Client Error: Forbidden for url: https://b-hls-06.doppiocdn.com/hls//.m3u8)

21/07/2024 13:27:39 EXCEPTION: Unable to open URL: https://b-hls-03.doppiocdn.com/hls/129535333/129535333.m3u8 (403 Client Error: Forbidden for url: https://b-hls-18.doppiocdn.com/hls/129535333/129535333.m3u8)

21/07/2024 13:27:59 EXCEPTION: Unable to open URL: https://b-hls-06.doppiocdn.com/hls//.m3u8 (403 Client Error: Forbidden for url: https://b-hls-06.doppiocdn.com/hls//.m3u8)

21/07/2024 13:27:59 EXCEPTION: Unable to open URL: https://b-hls-19.doppiocdn.com/hls//.m3u8 (403 Client Error: Forbidden for url: https://b-hls-19.doppiocdn.com/hls//.m3u8)

21/07/2024 13:27:59 EXCEPTION: Unable to open URL: https://b-hls-14.doppiocdn.com/hls//.m3u8 (403 Client Error: Forbidden for url: https://b-hls-14.doppiocdn.com/hls//.m3u8)

21/07/2024 13:27:59 EXCEPTION: Unable to open URL: https://b-hls-03.doppiocdn.com/hls/129535333/129535333.m3u8 (403 Client Error: Forbidden for url: https://b-hls-18.doppiocdn.com/hls/129535333/129535333.m3u8)

21/07/2024 13:28:19 EXCEPTION: Unable to open URL: https://b-hls-14.doppiocdn.com/hls//.m3u8 (403 Client Error: Forbidden for url: https://b-hls-14.doppiocdn.com/hls//.m3u8)

21/07/2024 13:28:19 EXCEPTION: Unable to open URL: https://b-hls-06.doppiocdn.com/hls//.m3u8 (403 Client Error: Forbidden for url: https://b-hls-06.doppiocdn.com/hls//.m3u8)

21/07/2024 13:28:19 EXCEPTION: Unable to open URL: https://b-hls-19.doppiocdn.com/hls//.m3u8 (403 Client Error: Forbidden for url: https://b-hls-19.doppiocdn.com/hls//.m3u8)

21/07/2024 13:28:20 EXCEPTION: Unable to open URL: https://b-hls-03.doppiocdn.com/hls/129535333/129535333.m3u8 (403 Client Error: Forbidden for url: https://b-hls-18.doppiocdn.com/hls/129535333/129535333.m3u8)

21/07/2024 13:28:39 EXCEPTION: Unable to open URL: https://b-hls-14.doppiocdn.com/hls//.m3u8 (403 Client Error: Forbidden for url: https://b-hls-14.doppiocdn.com/hls//.m3u8)

21/07/2024 13:28:39 EXCEPTION: Unable to open URL: https://b-hls-19.doppiocdn.com/hls//.m3u8 (403 Client Error: Forbidden for url: https://b-hls-19.doppiocdn.com/hls//.m3u8)

21/07/2024 13:28:41 EXCEPTION: Unable to open URL: https://b-hls-03.doppiocdn.com/hls/129535333/129535333.m3u8 (403 Client Error: Forbidden for url: https://b-hls-18.doppiocdn.com/hls/129535333/129535333.m3u8)

21/07/2024 13:28:59 EXCEPTION: Unable to open URL: https://b-hls-06.doppiocdn.com/hls//.m3u8 (403 Client Error: Forbidden for url: https://b-hls-06.doppiocdn.com/hls//.m3u8)

21/07/2024 13:28:59 EXCEPTION: Unable to open URL: https://b-hls-19.doppiocdn.com/hls//.m3u8 (403 Client Error: Forbidden for url: https://b-hls-19.doppiocdn.com/hls//.m3u8)

21/07/2024 13:29:00 EXCEPTION: Unable to open URL: https://b-hls-14.doppiocdn.com/hls//.m3u8 (403 Client Error: Forbidden for url: https://b-hls-14.doppiocdn.com/hls//.m3u8)

21/07/2024 13:29:00 EXCEPTION: Unable to open URL: https://b-hls-03.doppiocdn.com/hls/129535333/129535333.m3u8 (403 Client Error: Forbidden for url: https://b-hls-18.doppiocdn.com/hls/129535333/129535333.m3u8)

21/07/2024 13:29:19 EXCEPTION: Unable to open URL: https://b-hls-14.doppiocdn.com/hls//.m3u8 (403 Client Error: Forbidden for url: https://b-hls-14.doppiocdn.com/hls//.m3u8)

21/07/2024 13:29:19 EXCEPTION: Unable to open URL: https://b-hls-06.doppiocdn.com/hls//.m3u8 (403 Client Error: Forbidden for url: https://b-hls-06.doppiocdn.com/hls//.m3u8)

21/07/2024 13:29:19 EXCEPTION: Unable to open URL: https://b-hls-19.doppiocdn.com/hls//.m3u8 (403 Client Error: Forbidden for url: https://b-hls-19.doppiocdn.com/hls//.m3u8)

21/07/2024 13:29:20 EXCEPTION: Unable to open URL: https://b-hls-03.doppiocdn.com/hls/129535333/129535333.m3u8 (403 Client Error: Forbidden for url: https://b-hls-18.doppiocdn.com/hls/129535333/129535333.m3u8)

21/07/2024 13:29:39 EXCEPTION: Unable to open URL: https://b-hls-19.doppiocdn.com/hls//.m3u8 (403 Client Error: Forbidden for url: https://b-hls-19.doppiocdn.com/hls//.m3u8)

21/07/2024 13:29:39 EXCEPTION: Unable to open URL: https://b-hls-14.doppiocdn.com/hls//.m3u8 (403 Client Error: Forbidden for url: https://b-hls-14.doppiocdn.com/hls//.m3u8)

21/07/2024 13:29:40 EXCEPTION: Unable to open URL: https://b-hls-06.doppiocdn.com/hls//.m3u8 (403 Client Error: Forbidden for url: https://b-hls-06.doppiocdn.com/hls//.m3u8)

21/07/2024 13:29:40 EXCEPTION: Unable to open URL: https://b-hls-03.doppiocdn.com/hls/129535333/129535333.m3u8 (403 Client Error: Forbidden for url: https://b-hls-18.doppiocdn.com/hls/129535333/129535333.m3u8)

21/07/2024 13:30:00 EXCEPTION: Unable to open URL: https://b-hls-19.doppiocdn.com/hls//.m3u8 (403 Client Error: Forbidden for url: https://b-hls-19.doppiocdn.com/hls//.m3u8)

21/07/2024 13:30:00 EXCEPTION: Unable to open URL: https://b-hls-06.doppiocdn.com/hls//.m3u8 (403 Client Error: Forbidden for url: https://b-hls-06.doppiocdn.com/hls//.m3u8)

21/07/2024 13:30:00 EXCEPTION: Unable to open URL: https://b-hls-14.doppiocdn.com/hls//.m3u8 (403 Client Error: Forbidden for url: https://b-hls-14.doppiocdn.com/hls//.m3u8)

21/07/2024 13:30:00 EXCEPTION: Unable to open URL: https://b-hls-03.doppiocdn.com/hls/129535333/129535333.m3u8 (403 Client Error: Forbidden for url: https://b-hls-18.doppiocdn.com/hls/129535333/129535333.m3u8)

21/07/2024 13:30:20 EXCEPTION: Unable to open URL: https://b-hls-06.doppiocdn.com/hls//.m3u8 (403 Client Error: Forbidden for url: https://b-hls-06.doppiocdn.com/hls//.m3u8)

21/07/2024 13:30:20 EXCEPTION: Unable to open URL: https://b-hls-19.doppiocdn.com/hls//.m3u8 (403 Client Error: Forbidden for url: https://b-hls-19.doppiocdn.com/hls//.m3u8)

21/07/2024 13:30:20 EXCEPTION: Unable to open URL: https://b-hls-14.doppiocdn.com/hls//.m3u8 (403 Client Error: Forbidden for url: https://b-hls-14.doppiocdn.com/hls//.m3u8)

21/07/2024 13:30:20 EXCEPTION: Unable to open URL: https://b-hls-03.doppiocdn.com/hls/129535333/129535333.m3u8 (403 Client Error: Forbidden for url: https://b-hls-18.doppiocdn.com/hls/129535333/129535333.m3u8)

21/07/2024 13:30:40 EXCEPTION: Unable to open URL: https://b-hls-06.doppiocdn.com/hls//.m3u8 (403 Client Error: Forbidden for url: https://b-hls-06.doppiocdn.com/hls//.m3u8)

21/07/2024 13:30:40 EXCEPTION: Unable to open URL: https://b-hls-19.doppiocdn.com/hls//.m3u8 (403 Client Error: Forbidden for url: https://b-hls-19.doppiocdn.com/hls//.m3u8)

21/07/2024 13:30:40 EXCEPTION: Unable to open URL: https://b-hls-14.doppiocdn.com/hls//.m3u8 (403 Client Error: Forbidden for url: https://b-hls-14.doppiocdn.com/hls//.m3u8)

21/07/2024 13:30:42 EXCEPTION: Unable to open URL: https://b-hls-03.doppiocdn.com/hls/129535333/129535333.m3u8 (403 Client Error: Forbidden for url: https://b-hls-18.doppiocdn.com/hls/129535333/129535333.m3u8)

21/07/2024 13:31:00 EXCEPTION: Unable to open URL: https://b-hls-19.doppiocdn.com/hls//.m3u8 (403 Client Error: Forbidden for url: https://b-hls-19.doppiocdn.com/hls//.m3u8)

21/07/2024 13:31:00 EXCEPTION: Unable to open URL: https://b-hls-14.doppiocdn.com/hls//.m3u8 (403 Client Error: Forbidden for url: https://b-hls-14.doppiocdn.com/hls//.m3u8)

21/07/2024 13:31:00 EXCEPTION: Unable to open URL: https://b-hls-06.doppiocdn.com/hls//.m3u8 (403 Client Error: Forbidden for url: https://b-hls-06.doppiocdn.com/hls//.m3u8)

21/07/2024 13:31:01 EXCEPTION: Unable to open URL: https://b-hls-03.doppiocdn.com/hls/129535333/129535333.m3u8 (403 Client Error: Forbidden for url: https://b-hls-18.doppiocdn.com/hls/129535333/129535333.m3u8)

21/07/2024 13:31:20 EXCEPTION: Unable to open URL: https://b-hls-19.doppiocdn.com/hls//.m3u8 (403 Client Error: Forbidden for url: https://b-hls-19.doppiocdn.com/hls//.m3u8)

21/07/2024 13:31:20 EXCEPTION: Unable to open URL: https://b-hls-06.doppiocdn.com/hls//.m3u8 (403 Client Error: Forbidden for url: https://b-hls-06.doppiocdn.com/hls//.m3u8)

21/07/2024 13:31:20 EXCEPTION: Unable to open URL: https://b-hls-14.doppiocdn.com/hls//.m3u8 (403 Client Error: Forbidden for url: https://b-hls-14.doppiocdn.com/hls//.m3u8)

21/07/2024 13:31:21 EXCEPTION: Unable to open URL: https://b-hls-03.doppiocdn.com/hls/129535333/129535333.m3u8 (403 Client Error: Forbidden for url: https://b-hls-18.doppiocdn.com/hls/129535333/129535333.m3u8)

21/07/2024 13:52:44 EXCEPTION: Unable to open URL: https://b-hls-19.doppiocdn.com/hls//.m3u8 (403 Client Error: Forbidden for url: https://b-hls-19.doppiocdn.com/hls//.m3u8)

21/07/2024 13:52:44 EXCEPTION: Unable to open URL: https://b-hls-03.doppiocdn.com/hls//.m3u8 (403 Client Error: Forbidden for url: https://b-hls-03.doppiocdn.com/hls//.m3u8)

21/07/2024 13:52:44 EXCEPTION: Unable to open URL: https://b-hls-14.doppiocdn.com/hls//.m3u8 (403 Client Error: Forbidden for url: https://b-hls-14.doppiocdn.com/hls//.m3u8)

21/07/2024 13:52:44 EXCEPTION: Unable to open URL: https://b-hls-06.doppiocdn.com/hls//.m3u8 (403 Client Error: Forbidden for url: https://b-hls-06.doppiocdn.com/hls//.m3u8)

21/07/2024 13:52:45 EXCEPTION: Unable to open URL: https://b-hls-07.doppiocdn.com/hls/143942406/143942406.m3u8 (403 Client Error: Forbidden for url: https://b-hls-09.doppiocdn.com/hls/143942406/143942406.m3u8)

21/07/2024 13:52:45 EXCEPTION: Unable to open URL: https://b-hls-24.doppiocdn.com/hls/46540334/46540334.m3u8 (404 Client Error: Not Found for url: https://b-hls-10.doppiocdn.com/hls/46540334/46540334.m3u8)

21/07/2024 13:53:04 EXCEPTION: Unable to open URL: https://b-hls-14.doppiocdn.com/hls//.m3u8 (403 Client Error: Forbidden for url: https://b-hls-14.doppiocdn.com/hls//.m3u8)

21/07/2024 13:53:04 EXCEPTION: Unable to open URL: https://b-hls-19.doppiocdn.com/hls//.m3u8 (403 Client Error: Forbidden for url: https://b-hls-19.doppiocdn.com/hls//.m3u8)

21/07/2024 13:53:04 EXCEPTION: Unable to open URL: https://b-hls-06.doppiocdn.com/hls//.m3u8 (403 Client Error: Forbidden for url: https://b-hls-06.doppiocdn.com/hls//.m3u8)

21/07/2024 13:53:04 EXCEPTION: Unable to open URL: https://b-hls-03.doppiocdn.com/hls//.m3u8 (403 Client Error: Forbidden for url: https://b-hls-03.doppiocdn.com/hls//.m3u8)

21/07/2024 13:53:05 EXCEPTION: Unable to open URL: https://b-hls-07.doppiocdn.com/hls/143942406/143942406.m3u8 (403 Client Error: Forbidden for url: https://b-hls-09.doppiocdn.com/hls/143942406/143942406.m3u8)

21/07/2024 13:53:05 EXCEPTION: Unable to open URL: https://b-hls-24.doppiocdn.com/hls/46540334/46540334.m3u8 (404 Client Error: Not Found for url: https://b-hls-10.doppiocdn.com/hls/46540334/46540334.m3u8)

21/07/2024 13:53:24 EXCEPTION: Unable to open URL: https://b-hls-14.doppiocdn.com/hls//.m3u8 (403 Client Error: Forbidden for url: https://b-hls-14.doppiocdn.com/hls//.m3u8)

21/07/2024 13:53:24 EXCEPTION: Unable to open URL: https://b-hls-19.doppiocdn.com/hls//.m3u8 (403 Client Error: Forbidden for url: https://b-hls-19.doppiocdn.com/hls//.m3u8)

21/07/2024 13:53:24 EXCEPTION: Unable to open URL: https://b-hls-06.doppiocdn.com/hls//.m3u8 (403 Client Error: Forbidden for url: https://b-hls-06.doppiocdn.com/hls//.m3u8)

21/07/2024 13:53:24 EXCEPTION: Unable to open URL: https://b-hls-03.doppiocdn.com/hls//.m3u8 (403 Client Error: Forbidden for url: https://b-hls-03.doppiocdn.com/hls//.m3u8)

21/07/2024 13:53:25 EXCEPTION: Unable to open URL: https://b-hls-07.doppiocdn.com/hls/143942406/143942406.m3u8 (403 Client Error: Forbidden for url: https://b-hls-09.doppiocdn.com/hls/143942406/143942406.m3u8)

21/07/2024 13:53:44 EXCEPTION: Unable to open URL: https://b-hls-14.doppiocdn.com/hls//.m3u8 (403 Client Error: Forbidden for url: https://b-hls-14.doppiocdn.com/hls//.m3u8)

21/07/2024 13:53:44 EXCEPTION: Unable to open URL: https://b-hls-03.doppiocdn.com/hls//.m3u8 (403 Client Error: Forbidden for url: https://b-hls-03.doppiocdn.com/hls//.m3u8)

21/07/2024 13:53:44 EXCEPTION: Unable to open URL: https://b-hls-06.doppiocdn.com/hls//.m3u8 (403 Client Error: Forbidden for url: https://b-hls-06.doppiocdn.com/hls//.m3u8)

21/07/2024 13:53:44 EXCEPTION: Unable to open URL: https://b-hls-19.doppiocdn.com/hls//.m3u8 (403 Client Error: Forbidden for url: https://b-hls-19.doppiocdn.com/hls//.m3u8)

21/07/2024 13:53:45 EXCEPTION: Unable to open URL: https://b-hls-07.doppiocdn.com/hls/143942406/143942406.m3u8 (403 Client Error: Forbidden for url: https://b-hls-09.doppiocdn.com/hls/143942406/143942406.m3u8)

21/07/2024 13:54:04 EXCEPTION: Unable to open URL: https://b-hls-14.doppiocdn.com/hls//.m3u8 (403 Client Error: Forbidden for url: https://b-hls-14.doppiocdn.com/hls//.m3u8)

21/07/2024 13:54:04 EXCEPTION: Unable to open URL: https://b-hls-03.doppiocdn.com/hls//.m3u8 (403 Client Error: Forbidden for url: https://b-hls-03.doppiocdn.com/hls//.m3u8)

21/07/2024 13:54:04 EXCEPTION: Unable to open URL: https://b-hls-19.doppiocdn.com/hls//.m3u8 (403 Client Error: Forbidden for url: https://b-hls-19.doppiocdn.com/hls//.m3u8)

21/07/2024 13:54:05 EXCEPTION: Unable to open URL: https://b-hls-06.doppiocdn.com/hls//.m3u8 (403 Client Error: Forbidden for url: https://b-hls-06.doppiocdn.com/hls//.m3u8)

21/07/2024 13:54:05 EXCEPTION: Unable to open URL: https://b-hls-07.doppiocdn.com/hls/143942406/143942406.m3u8 (403 Client Error: Forbidden for url: https://b-hls-09.doppiocdn.com/hls/143942406/143942406.m3u8)

21/07/2024 13:54:25 EXCEPTION: Unable to open URL: https://b-hls-03.doppiocdn.com/hls//.m3u8 (403 Client Error: Forbidden for url: https://b-hls-03.doppiocdn.com/hls//.m3u8)

21/07/2024 13:54:25 EXCEPTION: Unable to open URL: https://b-hls-19.doppiocdn.com/hls//.m3u8 (403 Client Error: Forbidden for url: https://b-hls-19.doppiocdn.com/hls//.m3u8)

21/07/2024 13:54:25 EXCEPTION: Unable to open URL: https://b-hls-14.doppiocdn.com/hls//.m3u8 (403 Client Error: Forbidden for url: https://b-hls-14.doppiocdn.com/hls//.m3u8)

21/07/2024 13:54:25 EXCEPTION: Unable to open URL: https://b-hls-06.doppiocdn.com/hls//.m3u8 (403 Client Error: Forbidden for url: https://b-hls-06.doppiocdn.com/hls//.m3u8)

21/07/2024 13:54:26 EXCEPTION: Unable to open URL: https://b-hls-07.doppiocdn.com/hls/143942406/143942406.m3u8 (403 Client Error: Forbidden for url: https://b-hls-09.doppiocdn.com/hls/143942406/143942406.m3u8)

21/07/2024 13:54:45 EXCEPTION: Unable to open URL: https://b-hls-06.doppiocdn.com/hls//.m3u8 (403 Client Error: Forbidden for url: https://b-hls-06.doppiocdn.com/hls//.m3u8)

21/07/2024 13:54:45 EXCEPTION: Unable to open URL: https://b-hls-14.doppiocdn.com/hls//.m3u8 (403 Client Error: Forbidden for url: https://b-hls-14.doppiocdn.com/hls//.m3u8)

21/07/2024 13:54:45 EXCEPTION: Unable to open URL: https://b-hls-19.doppiocdn.com/hls//.m3u8 (403 Client Error: Forbidden for url: https://b-hls-19.doppiocdn.com/hls//.m3u8)

21/07/2024 13:54:45 EXCEPTION: Unable to open URL: https://b-hls-03.doppiocdn.com/hls//.m3u8 (403 Client Error: Forbidden for url: https://b-hls-03.doppiocdn.com/hls//.m3u8)

21/07/2024 13:54:45 EXCEPTION: Unable to open URL: https://b-hls-07.doppiocdn.com/hls/143942406/143942406.m3u8 (403 Client Error: Forbidden for url: https://b-hls-09.doppiocdn.com/hls/143942406/143942406.m3u8)
2024-07-21 13:55:37,642 error: Exception occurred: Unable to open URL: https://b-hls-06.doppiocdn.com/hls//.m3u8 (403 Client Error: Forbidden for url: https://b-hls-06.doppiocdn.com/hls//.m3u8)
Traceback (most recent call last):
  File "C:\Users\diriw\AppData\Local\Programs\Python\Python312\Lib\site-packages\streamlink\plugin\plugin.py", line 387, in streams
    ostreams = self._get_streams()
               ^^^^^^^^^^^^^^^^^^^
  File "C:\Users\diriw\AppData\Local\Programs\Python\Python312\Lib\site-packages\streamlink\plugins\hls.py", line 28, in _get_streams
    streams = HLSStream.parse_variant_playlist(self.session, url, **params)
              ^^^^^^^^^^^^^^^^^^^^^^^^^^^^^^^^^^^^^^^^^^^^^^^^^^^^^^^^^^^^^
  File "C:\Users\diriw\AppData\Local\Programs\Python\Python312\Lib\site-packages\streamlink\stream\hls\hls.py", line 718, in parse_variant_playlist
    res = cls._fetch_variant_playlist(session, url, **request_args)
          ^^^^^^^^^^^^^^^^^^^^^^^^^^^^^^^^^^^^^^^^^^^^^^^^^^^^^^^^^
  File "C:\Users\diriw\AppData\Local\Programs\Python\Python312\Lib\site-packages\streamlink\stream\hls\hls.py", line 679, in _fetch_variant_playlist
    res = session.http.get(url, exception=OSError, **request_args)
          ^^^^^^^^^^^^^^^^^^^^^^^^^^^^^^^^^^^^^^^^^^^^^^^^^^^^^^^^
  File "C:\Users\diriw\AppData\Local\Programs\Python\Python312\Lib\site-packages\requests\sessions.py", line 600, in get
    return self.request("GET", url, **kwargs)
           ^^^^^^^^^^^^^^^^^^^^^^^^^^^^^^^^^^
  File "C:\Users\diriw\AppData\Local\Programs\Python\Python312\Lib\site-packages\streamlink\session\http.py", line 191, in request
    raise err from None  # TODO: fix this
    ^^^^^^^^^^^^^^^^^^^
OSError: Unable to open URL: https://b-hls-06.doppiocdn.com/hls//.m3u8 (403 Client Error: Forbidden for url: https://b-hls-06.doppiocdn.com/hls//.m3u8)

The above exception was the direct cause of the following exception:

Traceback (most recent call last):
  File "c:\Users\diriw\Documents\code\StripchatRecorder\test.py", line 90, in run
    streams = session.streams(f'hlsvariant://{is_online}')
              ^^^^^^^^^^^^^^^^^^^^^^^^^^^^^^^^^^^^^^^^^^^^
  File "C:\Users\diriw\AppData\Local\Programs\Python\Python312\Lib\site-packages\streamlink\session\session.py", line 148, in streams
    return plugin.streams(**params)
           ^^^^^^^^^^^^^^^^^^^^^^^^
  File "C:\Users\diriw\AppData\Local\Programs\Python\Python312\Lib\site-packages\streamlink\plugin\plugin.py", line 397, in streams
    raise PluginError(err) from err
streamlink.exceptions.PluginError: Unable to open URL: https://b-hls-06.doppiocdn.com/hls//.m3u8 (403 Client Error: Forbidden for url: https://b-hls-06.doppiocdn.com/hls//.m3u8)
2024-07-21 13:55:37,669 error: Exception occurred: Unable to open URL: https://b-hls-14.doppiocdn.com/hls//.m3u8 (403 Client Error: Forbidden for url: https://b-hls-14.doppiocdn.com/hls//.m3u8)
Traceback (most recent call last):
  File "C:\Users\diriw\AppData\Local\Programs\Python\Python312\Lib\site-packages\streamlink\plugin\plugin.py", line 387, in streams
    ostreams = self._get_streams()
               ^^^^^^^^^^^^^^^^^^^
  File "C:\Users\diriw\AppData\Local\Programs\Python\Python312\Lib\site-packages\streamlink\plugins\hls.py", line 28, in _get_streams
    streams = HLSStream.parse_variant_playlist(self.session, url, **params)
              ^^^^^^^^^^^^^^^^^^^^^^^^^^^^^^^^^^^^^^^^^^^^^^^^^^^^^^^^^^^^^
  File "C:\Users\diriw\AppData\Local\Programs\Python\Python312\Lib\site-packages\streamlink\stream\hls\hls.py", line 718, in parse_variant_playlist
    res = cls._fetch_variant_playlist(session, url, **request_args)
          ^^^^^^^^^^^^^^^^^^^^^^^^^^^^^^^^^^^^^^^^^^^^^^^^^^^^^^^^^
  File "C:\Users\diriw\AppData\Local\Programs\Python\Python312\Lib\site-packages\streamlink\stream\hls\hls.py", line 679, in _fetch_variant_playlist
    res = session.http.get(url, exception=OSError, **request_args)
          ^^^^^^^^^^^^^^^^^^^^^^^^^^^^^^^^^^^^^^^^^^^^^^^^^^^^^^^^
  File "C:\Users\diriw\AppData\Local\Programs\Python\Python312\Lib\site-packages\requests\sessions.py", line 600, in get
    return self.request("GET", url, **kwargs)
           ^^^^^^^^^^^^^^^^^^^^^^^^^^^^^^^^^^
  File "C:\Users\diriw\AppData\Local\Programs\Python\Python312\Lib\site-packages\streamlink\session\http.py", line 191, in request
    raise err from None  # TODO: fix this
    ^^^^^^^^^^^^^^^^^^^
OSError: Unable to open URL: https://b-hls-14.doppiocdn.com/hls//.m3u8 (403 Client Error: Forbidden for url: https://b-hls-14.doppiocdn.com/hls//.m3u8)

The above exception was the direct cause of the following exception:

Traceback (most recent call last):
  File "c:\Users\diriw\Documents\code\StripchatRecorder\test.py", line 90, in run
    streams = session.streams(f'hlsvariant://{is_online}')
              ^^^^^^^^^^^^^^^^^^^^^^^^^^^^^^^^^^^^^^^^^^^^
  File "C:\Users\diriw\AppData\Local\Programs\Python\Python312\Lib\site-packages\streamlink\session\session.py", line 148, in streams
    return plugin.streams(**params)
           ^^^^^^^^^^^^^^^^^^^^^^^^
  File "C:\Users\diriw\AppData\Local\Programs\Python\Python312\Lib\site-packages\streamlink\plugin\plugin.py", line 397, in streams
    raise PluginError(err) from err
streamlink.exceptions.PluginError: Unable to open URL: https://b-hls-14.doppiocdn.com/hls//.m3u8 (403 Client Error: Forbidden for url: https://b-hls-14.doppiocdn.com/hls//.m3u8)
2024-07-21 13:55:37,750 error: Exception occurred: Unable to open URL: https://b-hls-03.doppiocdn.com/hls//.m3u8 (403 Client Error: Forbidden for url: https://b-hls-03.doppiocdn.com/hls//.m3u8)
Traceback (most recent call last):
  File "C:\Users\diriw\AppData\Local\Programs\Python\Python312\Lib\site-packages\streamlink\plugin\plugin.py", line 387, in streams
    ostreams = self._get_streams()
               ^^^^^^^^^^^^^^^^^^^
  File "C:\Users\diriw\AppData\Local\Programs\Python\Python312\Lib\site-packages\streamlink\plugins\hls.py", line 28, in _get_streams
    streams = HLSStream.parse_variant_playlist(self.session, url, **params)
              ^^^^^^^^^^^^^^^^^^^^^^^^^^^^^^^^^^^^^^^^^^^^^^^^^^^^^^^^^^^^^
  File "C:\Users\diriw\AppData\Local\Programs\Python\Python312\Lib\site-packages\streamlink\stream\hls\hls.py", line 718, in parse_variant_playlist
    res = cls._fetch_variant_playlist(session, url, **request_args)
          ^^^^^^^^^^^^^^^^^^^^^^^^^^^^^^^^^^^^^^^^^^^^^^^^^^^^^^^^^
  File "C:\Users\diriw\AppData\Local\Programs\Python\Python312\Lib\site-packages\streamlink\stream\hls\hls.py", line 679, in _fetch_variant_playlist
    res = session.http.get(url, exception=OSError, **request_args)
          ^^^^^^^^^^^^^^^^^^^^^^^^^^^^^^^^^^^^^^^^^^^^^^^^^^^^^^^^
  File "C:\Users\diriw\AppData\Local\Programs\Python\Python312\Lib\site-packages\requests\sessions.py", line 600, in get
    return self.request("GET", url, **kwargs)
           ^^^^^^^^^^^^^^^^^^^^^^^^^^^^^^^^^^
  File "C:\Users\diriw\AppData\Local\Programs\Python\Python312\Lib\site-packages\streamlink\session\http.py", line 191, in request
    raise err from None  # TODO: fix this
    ^^^^^^^^^^^^^^^^^^^
OSError: Unable to open URL: https://b-hls-03.doppiocdn.com/hls//.m3u8 (403 Client Error: Forbidden for url: https://b-hls-03.doppiocdn.com/hls//.m3u8)

The above exception was the direct cause of the following exception:

Traceback (most recent call last):
  File "c:\Users\diriw\Documents\code\StripchatRecorder\test.py", line 90, in run
    streams = session.streams(f'hlsvariant://{is_online}')
              ^^^^^^^^^^^^^^^^^^^^^^^^^^^^^^^^^^^^^^^^^^^^
  File "C:\Users\diriw\AppData\Local\Programs\Python\Python312\Lib\site-packages\streamlink\session\session.py", line 148, in streams
    return plugin.streams(**params)
           ^^^^^^^^^^^^^^^^^^^^^^^^
  File "C:\Users\diriw\AppData\Local\Programs\Python\Python312\Lib\site-packages\streamlink\plugin\plugin.py", line 397, in streams
    raise PluginError(err) from err
streamlink.exceptions.PluginError: Unable to open URL: https://b-hls-03.doppiocdn.com/hls//.m3u8 (403 Client Error: Forbidden for url: https://b-hls-03.doppiocdn.com/hls//.m3u8)
2024-07-21 13:55:37,810 error: Exception occurred: Unable to open URL: https://b-hls-19.doppiocdn.com/hls//.m3u8 (403 Client Error: Forbidden for url: https://b-hls-19.doppiocdn.com/hls//.m3u8)
Traceback (most recent call last):
  File "C:\Users\diriw\AppData\Local\Programs\Python\Python312\Lib\site-packages\streamlink\plugin\plugin.py", line 387, in streams
    ostreams = self._get_streams()
               ^^^^^^^^^^^^^^^^^^^
  File "C:\Users\diriw\AppData\Local\Programs\Python\Python312\Lib\site-packages\streamlink\plugins\hls.py", line 28, in _get_streams
    streams = HLSStream.parse_variant_playlist(self.session, url, **params)
              ^^^^^^^^^^^^^^^^^^^^^^^^^^^^^^^^^^^^^^^^^^^^^^^^^^^^^^^^^^^^^
  File "C:\Users\diriw\AppData\Local\Programs\Python\Python312\Lib\site-packages\streamlink\stream\hls\hls.py", line 718, in parse_variant_playlist
    res = cls._fetch_variant_playlist(session, url, **request_args)
          ^^^^^^^^^^^^^^^^^^^^^^^^^^^^^^^^^^^^^^^^^^^^^^^^^^^^^^^^^
  File "C:\Users\diriw\AppData\Local\Programs\Python\Python312\Lib\site-packages\streamlink\stream\hls\hls.py", line 679, in _fetch_variant_playlist
    res = session.http.get(url, exception=OSError, **request_args)
          ^^^^^^^^^^^^^^^^^^^^^^^^^^^^^^^^^^^^^^^^^^^^^^^^^^^^^^^^
  File "C:\Users\diriw\AppData\Local\Programs\Python\Python312\Lib\site-packages\requests\sessions.py", line 600, in get
    return self.request("GET", url, **kwargs)
           ^^^^^^^^^^^^^^^^^^^^^^^^^^^^^^^^^^
  File "C:\Users\diriw\AppData\Local\Programs\Python\Python312\Lib\site-packages\streamlink\session\http.py", line 191, in request
    raise err from None  # TODO: fix this
    ^^^^^^^^^^^^^^^^^^^
OSError: Unable to open URL: https://b-hls-19.doppiocdn.com/hls//.m3u8 (403 Client Error: Forbidden for url: https://b-hls-19.doppiocdn.com/hls//.m3u8)

The above exception was the direct cause of the following exception:

Traceback (most recent call last):
  File "c:\Users\diriw\Documents\code\StripchatRecorder\test.py", line 90, in run
    streams = session.streams(f'hlsvariant://{is_online}')
              ^^^^^^^^^^^^^^^^^^^^^^^^^^^^^^^^^^^^^^^^^^^^
  File "C:\Users\diriw\AppData\Local\Programs\Python\Python312\Lib\site-packages\streamlink\session\session.py", line 148, in streams
    return plugin.streams(**params)
           ^^^^^^^^^^^^^^^^^^^^^^^^
  File "C:\Users\diriw\AppData\Local\Programs\Python\Python312\Lib\site-packages\streamlink\plugin\plugin.py", line 397, in streams
    raise PluginError(err) from err
streamlink.exceptions.PluginError: Unable to open URL: https://b-hls-19.doppiocdn.com/hls//.m3u8 (403 Client Error: Forbidden for url: https://b-hls-19.doppiocdn.com/hls//.m3u8)
2024-07-21 13:55:38,588 error: Exception occurred: Unable to open URL: https://b-hls-07.doppiocdn.com/hls/143942406/143942406.m3u8 (403 Client Error: Forbidden for url: https://b-hls-09.doppiocdn.com/hls/143942406/143942406.m3u8)
Traceback (most recent call last):
  File "C:\Users\diriw\AppData\Local\Programs\Python\Python312\Lib\site-packages\streamlink\plugin\plugin.py", line 387, in streams
    ostreams = self._get_streams()
               ^^^^^^^^^^^^^^^^^^^
  File "C:\Users\diriw\AppData\Local\Programs\Python\Python312\Lib\site-packages\streamlink\plugins\hls.py", line 28, in _get_streams
    streams = HLSStream.parse_variant_playlist(self.session, url, **params)
              ^^^^^^^^^^^^^^^^^^^^^^^^^^^^^^^^^^^^^^^^^^^^^^^^^^^^^^^^^^^^^
  File "C:\Users\diriw\AppData\Local\Programs\Python\Python312\Lib\site-packages\streamlink\stream\hls\hls.py", line 718, in parse_variant_playlist
    res = cls._fetch_variant_playlist(session, url, **request_args)
          ^^^^^^^^^^^^^^^^^^^^^^^^^^^^^^^^^^^^^^^^^^^^^^^^^^^^^^^^^
  File "C:\Users\diriw\AppData\Local\Programs\Python\Python312\Lib\site-packages\streamlink\stream\hls\hls.py", line 679, in _fetch_variant_playlist
    res = session.http.get(url, exception=OSError, **request_args)
          ^^^^^^^^^^^^^^^^^^^^^^^^^^^^^^^^^^^^^^^^^^^^^^^^^^^^^^^^
  File "C:\Users\diriw\AppData\Local\Programs\Python\Python312\Lib\site-packages\requests\sessions.py", line 600, in get
    return self.request("GET", url, **kwargs)
           ^^^^^^^^^^^^^^^^^^^^^^^^^^^^^^^^^^
  File "C:\Users\diriw\AppData\Local\Programs\Python\Python312\Lib\site-packages\streamlink\session\http.py", line 191, in request
    raise err from None  # TODO: fix this
    ^^^^^^^^^^^^^^^^^^^
OSError: Unable to open URL: https://b-hls-07.doppiocdn.com/hls/143942406/143942406.m3u8 (403 Client Error: Forbidden for url: https://b-hls-09.doppiocdn.com/hls/143942406/143942406.m3u8)

The above exception was the direct cause of the following exception:

Traceback (most recent call last):
  File "c:\Users\diriw\Documents\code\StripchatRecorder\test.py", line 90, in run
    streams = session.streams(f'hlsvariant://{is_online}')
              ^^^^^^^^^^^^^^^^^^^^^^^^^^^^^^^^^^^^^^^^^^^^
  File "C:\Users\diriw\AppData\Local\Programs\Python\Python312\Lib\site-packages\streamlink\session\session.py", line 148, in streams
    return plugin.streams(**params)
           ^^^^^^^^^^^^^^^^^^^^^^^^
  File "C:\Users\diriw\AppData\Local\Programs\Python\Python312\Lib\site-packages\streamlink\plugin\plugin.py", line 397, in streams
    raise PluginError(err) from err
streamlink.exceptions.PluginError: Unable to open URL: https://b-hls-07.doppiocdn.com/hls/143942406/143942406.m3u8 (403 Client Error: Forbidden for url: https://b-hls-09.doppiocdn.com/hls/143942406/143942406.m3u8)
2024-07-21 13:56:50,322 error: Exception occurred: Unable to open URL: https://b-hls-03.doppiocdn.com/hls//.m3u8 (403 Client Error: Forbidden for url: https://b-hls-03.doppiocdn.com/hls//.m3u8)
Traceback (most recent call last):
  File "C:\Users\diriw\AppData\Local\Programs\Python\Python312\Lib\site-packages\streamlink\plugin\plugin.py", line 387, in streams
    ostreams = self._get_streams()
               ^^^^^^^^^^^^^^^^^^^
  File "C:\Users\diriw\AppData\Local\Programs\Python\Python312\Lib\site-packages\streamlink\plugins\hls.py", line 28, in _get_streams
    streams = HLSStream.parse_variant_playlist(self.session, url, **params)
              ^^^^^^^^^^^^^^^^^^^^^^^^^^^^^^^^^^^^^^^^^^^^^^^^^^^^^^^^^^^^^
  File "C:\Users\diriw\AppData\Local\Programs\Python\Python312\Lib\site-packages\streamlink\stream\hls\hls.py", line 718, in parse_variant_playlist
    res = cls._fetch_variant_playlist(session, url, **request_args)
          ^^^^^^^^^^^^^^^^^^^^^^^^^^^^^^^^^^^^^^^^^^^^^^^^^^^^^^^^^
  File "C:\Users\diriw\AppData\Local\Programs\Python\Python312\Lib\site-packages\streamlink\stream\hls\hls.py", line 679, in _fetch_variant_playlist
    res = session.http.get(url, exception=OSError, **request_args)
          ^^^^^^^^^^^^^^^^^^^^^^^^^^^^^^^^^^^^^^^^^^^^^^^^^^^^^^^^
  File "C:\Users\diriw\AppData\Local\Programs\Python\Python312\Lib\site-packages\requests\sessions.py", line 600, in get
    return self.request("GET", url, **kwargs)
           ^^^^^^^^^^^^^^^^^^^^^^^^^^^^^^^^^^
  File "C:\Users\diriw\AppData\Local\Programs\Python\Python312\Lib\site-packages\streamlink\session\http.py", line 191, in request
    raise err from None  # TODO: fix this
    ^^^^^^^^^^^^^^^^^^^
OSError: Unable to open URL: https://b-hls-03.doppiocdn.com/hls//.m3u8 (403 Client Error: Forbidden for url: https://b-hls-03.doppiocdn.com/hls//.m3u8)

The above exception was the direct cause of the following exception:

Traceback (most recent call last):
  File "c:\Users\diriw\Documents\code\StripchatRecorder\test.py", line 90, in run
    streams = session.streams(f'hlsvariant://{is_online}')
              ^^^^^^^^^^^^^^^^^^^^^^^^^^^^^^^^^^^^^^^^^^^^
  File "C:\Users\diriw\AppData\Local\Programs\Python\Python312\Lib\site-packages\streamlink\session\session.py", line 148, in streams
    return plugin.streams(**params)
           ^^^^^^^^^^^^^^^^^^^^^^^^
  File "C:\Users\diriw\AppData\Local\Programs\Python\Python312\Lib\site-packages\streamlink\plugin\plugin.py", line 397, in streams
    raise PluginError(err) from err
streamlink.exceptions.PluginError: Unable to open URL: https://b-hls-03.doppiocdn.com/hls//.m3u8 (403 Client Error: Forbidden for url: https://b-hls-03.doppiocdn.com/hls//.m3u8)
2024-07-21 13:56:50,370 error: Exception occurred: Unable to open URL: https://b-hls-19.doppiocdn.com/hls//.m3u8 (403 Client Error: Forbidden for url: https://b-hls-19.doppiocdn.com/hls//.m3u8)
Traceback (most recent call last):
  File "C:\Users\diriw\AppData\Local\Programs\Python\Python312\Lib\site-packages\streamlink\plugin\plugin.py", line 387, in streams
    ostreams = self._get_streams()
               ^^^^^^^^^^^^^^^^^^^
  File "C:\Users\diriw\AppData\Local\Programs\Python\Python312\Lib\site-packages\streamlink\plugins\hls.py", line 28, in _get_streams
    streams = HLSStream.parse_variant_playlist(self.session, url, **params)
              ^^^^^^^^^^^^^^^^^^^^^^^^^^^^^^^^^^^^^^^^^^^^^^^^^^^^^^^^^^^^^
  File "C:\Users\diriw\AppData\Local\Programs\Python\Python312\Lib\site-packages\streamlink\stream\hls\hls.py", line 718, in parse_variant_playlist
    res = cls._fetch_variant_playlist(session, url, **request_args)
          ^^^^^^^^^^^^^^^^^^^^^^^^^^^^^^^^^^^^^^^^^^^^^^^^^^^^^^^^^
  File "C:\Users\diriw\AppData\Local\Programs\Python\Python312\Lib\site-packages\streamlink\stream\hls\hls.py", line 679, in _fetch_variant_playlist
    res = session.http.get(url, exception=OSError, **request_args)
          ^^^^^^^^^^^^^^^^^^^^^^^^^^^^^^^^^^^^^^^^^^^^^^^^^^^^^^^^
  File "C:\Users\diriw\AppData\Local\Programs\Python\Python312\Lib\site-packages\requests\sessions.py", line 600, in get
    return self.request("GET", url, **kwargs)
           ^^^^^^^^^^^^^^^^^^^^^^^^^^^^^^^^^^
  File "C:\Users\diriw\AppData\Local\Programs\Python\Python312\Lib\site-packages\streamlink\session\http.py", line 191, in request
    raise err from None  # TODO: fix this
    ^^^^^^^^^^^^^^^^^^^
OSError: Unable to open URL: https://b-hls-19.doppiocdn.com/hls//.m3u8 (403 Client Error: Forbidden for url: https://b-hls-19.doppiocdn.com/hls//.m3u8)

The above exception was the direct cause of the following exception:

Traceback (most recent call last):
  File "c:\Users\diriw\Documents\code\StripchatRecorder\test.py", line 90, in run
    streams = session.streams(f'hlsvariant://{is_online}')
              ^^^^^^^^^^^^^^^^^^^^^^^^^^^^^^^^^^^^^^^^^^^^
  File "C:\Users\diriw\AppData\Local\Programs\Python\Python312\Lib\site-packages\streamlink\session\session.py", line 148, in streams
    return plugin.streams(**params)
           ^^^^^^^^^^^^^^^^^^^^^^^^
  File "C:\Users\diriw\AppData\Local\Programs\Python\Python312\Lib\site-packages\streamlink\plugin\plugin.py", line 397, in streams
    raise PluginError(err) from err
streamlink.exceptions.PluginError: Unable to open URL: https://b-hls-19.doppiocdn.com/hls//.m3u8 (403 Client Error: Forbidden for url: https://b-hls-19.doppiocdn.com/hls//.m3u8)
2024-07-21 13:56:50,560 error: Exception occurred: Unable to open URL: https://b-hls-06.doppiocdn.com/hls//.m3u8 (403 Client Error: Forbidden for url: https://b-hls-06.doppiocdn.com/hls//.m3u8)
Traceback (most recent call last):
  File "C:\Users\diriw\AppData\Local\Programs\Python\Python312\Lib\site-packages\streamlink\plugin\plugin.py", line 387, in streams
    ostreams = self._get_streams()
               ^^^^^^^^^^^^^^^^^^^
  File "C:\Users\diriw\AppData\Local\Programs\Python\Python312\Lib\site-packages\streamlink\plugins\hls.py", line 28, in _get_streams
    streams = HLSStream.parse_variant_playlist(self.session, url, **params)
              ^^^^^^^^^^^^^^^^^^^^^^^^^^^^^^^^^^^^^^^^^^^^^^^^^^^^^^^^^^^^^
  File "C:\Users\diriw\AppData\Local\Programs\Python\Python312\Lib\site-packages\streamlink\stream\hls\hls.py", line 718, in parse_variant_playlist
    res = cls._fetch_variant_playlist(session, url, **request_args)
          ^^^^^^^^^^^^^^^^^^^^^^^^^^^^^^^^^^^^^^^^^^^^^^^^^^^^^^^^^
  File "C:\Users\diriw\AppData\Local\Programs\Python\Python312\Lib\site-packages\streamlink\stream\hls\hls.py", line 679, in _fetch_variant_playlist
    res = session.http.get(url, exception=OSError, **request_args)
          ^^^^^^^^^^^^^^^^^^^^^^^^^^^^^^^^^^^^^^^^^^^^^^^^^^^^^^^^
  File "C:\Users\diriw\AppData\Local\Programs\Python\Python312\Lib\site-packages\requests\sessions.py", line 600, in get
    return self.request("GET", url, **kwargs)
           ^^^^^^^^^^^^^^^^^^^^^^^^^^^^^^^^^^
  File "C:\Users\diriw\AppData\Local\Programs\Python\Python312\Lib\site-packages\streamlink\session\http.py", line 191, in request
    raise err from None  # TODO: fix this
    ^^^^^^^^^^^^^^^^^^^
OSError: Unable to open URL: https://b-hls-06.doppiocdn.com/hls//.m3u8 (403 Client Error: Forbidden for url: https://b-hls-06.doppiocdn.com/hls//.m3u8)

The above exception was the direct cause of the following exception:

Traceback (most recent call last):
  File "c:\Users\diriw\Documents\code\StripchatRecorder\test.py", line 90, in run
    streams = session.streams(f'hlsvariant://{is_online}')
              ^^^^^^^^^^^^^^^^^^^^^^^^^^^^^^^^^^^^^^^^^^^^
  File "C:\Users\diriw\AppData\Local\Programs\Python\Python312\Lib\site-packages\streamlink\session\session.py", line 148, in streams
    return plugin.streams(**params)
           ^^^^^^^^^^^^^^^^^^^^^^^^
  File "C:\Users\diriw\AppData\Local\Programs\Python\Python312\Lib\site-packages\streamlink\plugin\plugin.py", line 397, in streams
    raise PluginError(err) from err
streamlink.exceptions.PluginError: Unable to open URL: https://b-hls-06.doppiocdn.com/hls//.m3u8 (403 Client Error: Forbidden for url: https://b-hls-06.doppiocdn.com/hls//.m3u8)
2024-07-21 13:56:50,811 error: Exception occurred: Unable to open URL: https://b-hls-14.doppiocdn.com/hls//.m3u8 (403 Client Error: Forbidden for url: https://b-hls-14.doppiocdn.com/hls//.m3u8)
Traceback (most recent call last):
  File "C:\Users\diriw\AppData\Local\Programs\Python\Python312\Lib\site-packages\streamlink\plugin\plugin.py", line 387, in streams
    ostreams = self._get_streams()
               ^^^^^^^^^^^^^^^^^^^
  File "C:\Users\diriw\AppData\Local\Programs\Python\Python312\Lib\site-packages\streamlink\plugins\hls.py", line 28, in _get_streams
    streams = HLSStream.parse_variant_playlist(self.session, url, **params)
              ^^^^^^^^^^^^^^^^^^^^^^^^^^^^^^^^^^^^^^^^^^^^^^^^^^^^^^^^^^^^^
  File "C:\Users\diriw\AppData\Local\Programs\Python\Python312\Lib\site-packages\streamlink\stream\hls\hls.py", line 718, in parse_variant_playlist
    res = cls._fetch_variant_playlist(session, url, **request_args)
          ^^^^^^^^^^^^^^^^^^^^^^^^^^^^^^^^^^^^^^^^^^^^^^^^^^^^^^^^^
  File "C:\Users\diriw\AppData\Local\Programs\Python\Python312\Lib\site-packages\streamlink\stream\hls\hls.py", line 679, in _fetch_variant_playlist
    res = session.http.get(url, exception=OSError, **request_args)
          ^^^^^^^^^^^^^^^^^^^^^^^^^^^^^^^^^^^^^^^^^^^^^^^^^^^^^^^^
  File "C:\Users\diriw\AppData\Local\Programs\Python\Python312\Lib\site-packages\requests\sessions.py", line 600, in get
    return self.request("GET", url, **kwargs)
           ^^^^^^^^^^^^^^^^^^^^^^^^^^^^^^^^^^
  File "C:\Users\diriw\AppData\Local\Programs\Python\Python312\Lib\site-packages\streamlink\session\http.py", line 191, in request
    raise err from None  # TODO: fix this
    ^^^^^^^^^^^^^^^^^^^
OSError: Unable to open URL: https://b-hls-14.doppiocdn.com/hls//.m3u8 (403 Client Error: Forbidden for url: https://b-hls-14.doppiocdn.com/hls//.m3u8)

The above exception was the direct cause of the following exception:

Traceback (most recent call last):
  File "c:\Users\diriw\Documents\code\StripchatRecorder\test.py", line 90, in run
    streams = session.streams(f'hlsvariant://{is_online}')
              ^^^^^^^^^^^^^^^^^^^^^^^^^^^^^^^^^^^^^^^^^^^^
  File "C:\Users\diriw\AppData\Local\Programs\Python\Python312\Lib\site-packages\streamlink\session\session.py", line 148, in streams
    return plugin.streams(**params)
           ^^^^^^^^^^^^^^^^^^^^^^^^
  File "C:\Users\diriw\AppData\Local\Programs\Python\Python312\Lib\site-packages\streamlink\plugin\plugin.py", line 397, in streams
    raise PluginError(err) from err
streamlink.exceptions.PluginError: Unable to open URL: https://b-hls-14.doppiocdn.com/hls//.m3u8 (403 Client Error: Forbidden for url: https://b-hls-14.doppiocdn.com/hls//.m3u8)
2024-07-21 13:56:51,007 error: Exception occurred: Unable to open URL: https://b-hls-07.doppiocdn.com/hls/143942406/143942406.m3u8 (403 Client Error: Forbidden for url: https://b-hls-09.doppiocdn.com/hls/143942406/143942406.m3u8)
Traceback (most recent call last):
  File "C:\Users\diriw\AppData\Local\Programs\Python\Python312\Lib\site-packages\streamlink\plugin\plugin.py", line 387, in streams
    ostreams = self._get_streams()
               ^^^^^^^^^^^^^^^^^^^
  File "C:\Users\diriw\AppData\Local\Programs\Python\Python312\Lib\site-packages\streamlink\plugins\hls.py", line 28, in _get_streams
    streams = HLSStream.parse_variant_playlist(self.session, url, **params)
              ^^^^^^^^^^^^^^^^^^^^^^^^^^^^^^^^^^^^^^^^^^^^^^^^^^^^^^^^^^^^^
  File "C:\Users\diriw\AppData\Local\Programs\Python\Python312\Lib\site-packages\streamlink\stream\hls\hls.py", line 718, in parse_variant_playlist
    res = cls._fetch_variant_playlist(session, url, **request_args)
          ^^^^^^^^^^^^^^^^^^^^^^^^^^^^^^^^^^^^^^^^^^^^^^^^^^^^^^^^^
  File "C:\Users\diriw\AppData\Local\Programs\Python\Python312\Lib\site-packages\streamlink\stream\hls\hls.py", line 679, in _fetch_variant_playlist
    res = session.http.get(url, exception=OSError, **request_args)
          ^^^^^^^^^^^^^^^^^^^^^^^^^^^^^^^^^^^^^^^^^^^^^^^^^^^^^^^^
  File "C:\Users\diriw\AppData\Local\Programs\Python\Python312\Lib\site-packages\requests\sessions.py", line 600, in get
    return self.request("GET", url, **kwargs)
           ^^^^^^^^^^^^^^^^^^^^^^^^^^^^^^^^^^
  File "C:\Users\diriw\AppData\Local\Programs\Python\Python312\Lib\site-packages\streamlink\session\http.py", line 191, in request
    raise err from None  # TODO: fix this
    ^^^^^^^^^^^^^^^^^^^
OSError: Unable to open URL: https://b-hls-07.doppiocdn.com/hls/143942406/143942406.m3u8 (403 Client Error: Forbidden for url: https://b-hls-09.doppiocdn.com/hls/143942406/143942406.m3u8)

The above exception was the direct cause of the following exception:

Traceback (most recent call last):
  File "c:\Users\diriw\Documents\code\StripchatRecorder\test.py", line 90, in run
    streams = session.streams(f'hlsvariant://{is_online}')
              ^^^^^^^^^^^^^^^^^^^^^^^^^^^^^^^^^^^^^^^^^^^^
  File "C:\Users\diriw\AppData\Local\Programs\Python\Python312\Lib\site-packages\streamlink\session\session.py", line 148, in streams
    return plugin.streams(**params)
           ^^^^^^^^^^^^^^^^^^^^^^^^
  File "C:\Users\diriw\AppData\Local\Programs\Python\Python312\Lib\site-packages\streamlink\plugin\plugin.py", line 397, in streams
    raise PluginError(err) from err
streamlink.exceptions.PluginError: Unable to open URL: https://b-hls-07.doppiocdn.com/hls/143942406/143942406.m3u8 (403 Client Error: Forbidden for url: https://b-hls-09.doppiocdn.com/hls/143942406/143942406.m3u8)
2024-07-21 13:57:01,798 error: Exception occurred: Unable to open URL: https://b-hls-06.doppiocdn.com/hls//.m3u8 (403 Client Error: Forbidden for url: https://b-hls-06.doppiocdn.com/hls//.m3u8)
Traceback (most recent call last):
  File "C:\Users\diriw\AppData\Local\Programs\Python\Python312\Lib\site-packages\streamlink\plugin\plugin.py", line 387, in streams
    ostreams = self._get_streams()
               ^^^^^^^^^^^^^^^^^^^
  File "C:\Users\diriw\AppData\Local\Programs\Python\Python312\Lib\site-packages\streamlink\plugins\hls.py", line 28, in _get_streams
    streams = HLSStream.parse_variant_playlist(self.session, url, **params)
              ^^^^^^^^^^^^^^^^^^^^^^^^^^^^^^^^^^^^^^^^^^^^^^^^^^^^^^^^^^^^^
  File "C:\Users\diriw\AppData\Local\Programs\Python\Python312\Lib\site-packages\streamlink\stream\hls\hls.py", line 718, in parse_variant_playlist
    res = cls._fetch_variant_playlist(session, url, **request_args)
          ^^^^^^^^^^^^^^^^^^^^^^^^^^^^^^^^^^^^^^^^^^^^^^^^^^^^^^^^^
  File "C:\Users\diriw\AppData\Local\Programs\Python\Python312\Lib\site-packages\streamlink\stream\hls\hls.py", line 679, in _fetch_variant_playlist
    res = session.http.get(url, exception=OSError, **request_args)
          ^^^^^^^^^^^^^^^^^^^^^^^^^^^^^^^^^^^^^^^^^^^^^^^^^^^^^^^^
  File "C:\Users\diriw\AppData\Local\Programs\Python\Python312\Lib\site-packages\requests\sessions.py", line 600, in get
    return self.request("GET", url, **kwargs)
           ^^^^^^^^^^^^^^^^^^^^^^^^^^^^^^^^^^
  File "C:\Users\diriw\AppData\Local\Programs\Python\Python312\Lib\site-packages\streamlink\session\http.py", line 191, in request
    raise err from None  # TODO: fix this
    ^^^^^^^^^^^^^^^^^^^
OSError: Unable to open URL: https://b-hls-06.doppiocdn.com/hls//.m3u8 (403 Client Error: Forbidden for url: https://b-hls-06.doppiocdn.com/hls//.m3u8)

The above exception was the direct cause of the following exception:

Traceback (most recent call last):
  File "c:\Users\diriw\Documents\code\StripchatRecorder\test.py", line 90, in run
    streams = session.streams(f'hlsvariant://{is_online}')
              ^^^^^^^^^^^^^^^^^^^^^^^^^^^^^^^^^^^^^^^^^^^^
  File "C:\Users\diriw\AppData\Local\Programs\Python\Python312\Lib\site-packages\streamlink\session\session.py", line 148, in streams
    return plugin.streams(**params)
           ^^^^^^^^^^^^^^^^^^^^^^^^
  File "C:\Users\diriw\AppData\Local\Programs\Python\Python312\Lib\site-packages\streamlink\plugin\plugin.py", line 397, in streams
    raise PluginError(err) from err
streamlink.exceptions.PluginError: Unable to open URL: https://b-hls-06.doppiocdn.com/hls//.m3u8 (403 Client Error: Forbidden for url: https://b-hls-06.doppiocdn.com/hls//.m3u8)
2024-07-21 13:57:01,817 error: Exception occurred: Unable to open URL: https://b-hls-03.doppiocdn.com/hls//.m3u8 (403 Client Error: Forbidden for url: https://b-hls-03.doppiocdn.com/hls//.m3u8)
Traceback (most recent call last):
  File "C:\Users\diriw\AppData\Local\Programs\Python\Python312\Lib\site-packages\streamlink\plugin\plugin.py", line 387, in streams
    ostreams = self._get_streams()
               ^^^^^^^^^^^^^^^^^^^
  File "C:\Users\diriw\AppData\Local\Programs\Python\Python312\Lib\site-packages\streamlink\plugins\hls.py", line 28, in _get_streams
    streams = HLSStream.parse_variant_playlist(self.session, url, **params)
              ^^^^^^^^^^^^^^^^^^^^^^^^^^^^^^^^^^^^^^^^^^^^^^^^^^^^^^^^^^^^^
  File "C:\Users\diriw\AppData\Local\Programs\Python\Python312\Lib\site-packages\streamlink\stream\hls\hls.py", line 718, in parse_variant_playlist
    res = cls._fetch_variant_playlist(session, url, **request_args)
          ^^^^^^^^^^^^^^^^^^^^^^^^^^^^^^^^^^^^^^^^^^^^^^^^^^^^^^^^^
  File "C:\Users\diriw\AppData\Local\Programs\Python\Python312\Lib\site-packages\streamlink\stream\hls\hls.py", line 679, in _fetch_variant_playlist
    res = session.http.get(url, exception=OSError, **request_args)
          ^^^^^^^^^^^^^^^^^^^^^^^^^^^^^^^^^^^^^^^^^^^^^^^^^^^^^^^^
  File "C:\Users\diriw\AppData\Local\Programs\Python\Python312\Lib\site-packages\requests\sessions.py", line 600, in get
    return self.request("GET", url, **kwargs)
           ^^^^^^^^^^^^^^^^^^^^^^^^^^^^^^^^^^
  File "C:\Users\diriw\AppData\Local\Programs\Python\Python312\Lib\site-packages\streamlink\session\http.py", line 191, in request
    raise err from None  # TODO: fix this
    ^^^^^^^^^^^^^^^^^^^
OSError: Unable to open URL: https://b-hls-03.doppiocdn.com/hls//.m3u8 (403 Client Error: Forbidden for url: https://b-hls-03.doppiocdn.com/hls//.m3u8)

The above exception was the direct cause of the following exception:

Traceback (most recent call last):
  File "c:\Users\diriw\Documents\code\StripchatRecorder\test.py", line 90, in run
    streams = session.streams(f'hlsvariant://{is_online}')
              ^^^^^^^^^^^^^^^^^^^^^^^^^^^^^^^^^^^^^^^^^^^^
  File "C:\Users\diriw\AppData\Local\Programs\Python\Python312\Lib\site-packages\streamlink\session\session.py", line 148, in streams
    return plugin.streams(**params)
           ^^^^^^^^^^^^^^^^^^^^^^^^
  File "C:\Users\diriw\AppData\Local\Programs\Python\Python312\Lib\site-packages\streamlink\plugin\plugin.py", line 397, in streams
    raise PluginError(err) from err
streamlink.exceptions.PluginError: Unable to open URL: https://b-hls-03.doppiocdn.com/hls//.m3u8 (403 Client Error: Forbidden for url: https://b-hls-03.doppiocdn.com/hls//.m3u8)
2024-07-21 13:57:01,824 error: Exception occurred: Unable to open URL: https://b-hls-14.doppiocdn.com/hls//.m3u8 (403 Client Error: Forbidden for url: https://b-hls-14.doppiocdn.com/hls//.m3u8)
Traceback (most recent call last):
  File "C:\Users\diriw\AppData\Local\Programs\Python\Python312\Lib\site-packages\streamlink\plugin\plugin.py", line 387, in streams
    ostreams = self._get_streams()
               ^^^^^^^^^^^^^^^^^^^
  File "C:\Users\diriw\AppData\Local\Programs\Python\Python312\Lib\site-packages\streamlink\plugins\hls.py", line 28, in _get_streams
    streams = HLSStream.parse_variant_playlist(self.session, url, **params)
              ^^^^^^^^^^^^^^^^^^^^^^^^^^^^^^^^^^^^^^^^^^^^^^^^^^^^^^^^^^^^^
  File "C:\Users\diriw\AppData\Local\Programs\Python\Python312\Lib\site-packages\streamlink\stream\hls\hls.py", line 718, in parse_variant_playlist
    res = cls._fetch_variant_playlist(session, url, **request_args)
          ^^^^^^^^^^^^^^^^^^^^^^^^^^^^^^^^^^^^^^^^^^^^^^^^^^^^^^^^^
  File "C:\Users\diriw\AppData\Local\Programs\Python\Python312\Lib\site-packages\streamlink\stream\hls\hls.py", line 679, in _fetch_variant_playlist
    res = session.http.get(url, exception=OSError, **request_args)
          ^^^^^^^^^^^^^^^^^^^^^^^^^^^^^^^^^^^^^^^^^^^^^^^^^^^^^^^^
  File "C:\Users\diriw\AppData\Local\Programs\Python\Python312\Lib\site-packages\requests\sessions.py", line 600, in get
    return self.request("GET", url, **kwargs)
           ^^^^^^^^^^^^^^^^^^^^^^^^^^^^^^^^^^
  File "C:\Users\diriw\AppData\Local\Programs\Python\Python312\Lib\site-packages\streamlink\session\http.py", line 191, in request
    raise err from None  # TODO: fix this
    ^^^^^^^^^^^^^^^^^^^
OSError: Unable to open URL: https://b-hls-14.doppiocdn.com/hls//.m3u8 (403 Client Error: Forbidden for url: https://b-hls-14.doppiocdn.com/hls//.m3u8)

The above exception was the direct cause of the following exception:

Traceback (most recent call last):
  File "c:\Users\diriw\Documents\code\StripchatRecorder\test.py", line 90, in run
    streams = session.streams(f'hlsvariant://{is_online}')
              ^^^^^^^^^^^^^^^^^^^^^^^^^^^^^^^^^^^^^^^^^^^^
  File "C:\Users\diriw\AppData\Local\Programs\Python\Python312\Lib\site-packages\streamlink\session\session.py", line 148, in streams
    return plugin.streams(**params)
           ^^^^^^^^^^^^^^^^^^^^^^^^
  File "C:\Users\diriw\AppData\Local\Programs\Python\Python312\Lib\site-packages\streamlink\plugin\plugin.py", line 397, in streams
    raise PluginError(err) from err
streamlink.exceptions.PluginError: Unable to open URL: https://b-hls-14.doppiocdn.com/hls//.m3u8 (403 Client Error: Forbidden for url: https://b-hls-14.doppiocdn.com/hls//.m3u8)
2024-07-21 13:57:02,002 error: Exception occurred: Unable to open URL: https://b-hls-19.doppiocdn.com/hls//.m3u8 (403 Client Error: Forbidden for url: https://b-hls-19.doppiocdn.com/hls//.m3u8)
Traceback (most recent call last):
  File "C:\Users\diriw\AppData\Local\Programs\Python\Python312\Lib\site-packages\streamlink\plugin\plugin.py", line 387, in streams
    ostreams = self._get_streams()
               ^^^^^^^^^^^^^^^^^^^
  File "C:\Users\diriw\AppData\Local\Programs\Python\Python312\Lib\site-packages\streamlink\plugins\hls.py", line 28, in _get_streams
    streams = HLSStream.parse_variant_playlist(self.session, url, **params)
              ^^^^^^^^^^^^^^^^^^^^^^^^^^^^^^^^^^^^^^^^^^^^^^^^^^^^^^^^^^^^^
  File "C:\Users\diriw\AppData\Local\Programs\Python\Python312\Lib\site-packages\streamlink\stream\hls\hls.py", line 718, in parse_variant_playlist
    res = cls._fetch_variant_playlist(session, url, **request_args)
          ^^^^^^^^^^^^^^^^^^^^^^^^^^^^^^^^^^^^^^^^^^^^^^^^^^^^^^^^^
  File "C:\Users\diriw\AppData\Local\Programs\Python\Python312\Lib\site-packages\streamlink\stream\hls\hls.py", line 679, in _fetch_variant_playlist
    res = session.http.get(url, exception=OSError, **request_args)
          ^^^^^^^^^^^^^^^^^^^^^^^^^^^^^^^^^^^^^^^^^^^^^^^^^^^^^^^^
  File "C:\Users\diriw\AppData\Local\Programs\Python\Python312\Lib\site-packages\requests\sessions.py", line 600, in get
    return self.request("GET", url, **kwargs)
           ^^^^^^^^^^^^^^^^^^^^^^^^^^^^^^^^^^
  File "C:\Users\diriw\AppData\Local\Programs\Python\Python312\Lib\site-packages\streamlink\session\http.py", line 191, in request
    raise err from None  # TODO: fix this
    ^^^^^^^^^^^^^^^^^^^
OSError: Unable to open URL: https://b-hls-19.doppiocdn.com/hls//.m3u8 (403 Client Error: Forbidden for url: https://b-hls-19.doppiocdn.com/hls//.m3u8)

The above exception was the direct cause of the following exception:

Traceback (most recent call last):
  File "c:\Users\diriw\Documents\code\StripchatRecorder\test.py", line 90, in run
    streams = session.streams(f'hlsvariant://{is_online}')
              ^^^^^^^^^^^^^^^^^^^^^^^^^^^^^^^^^^^^^^^^^^^^
  File "C:\Users\diriw\AppData\Local\Programs\Python\Python312\Lib\site-packages\streamlink\session\session.py", line 148, in streams
    return plugin.streams(**params)
           ^^^^^^^^^^^^^^^^^^^^^^^^
  File "C:\Users\diriw\AppData\Local\Programs\Python\Python312\Lib\site-packages\streamlink\plugin\plugin.py", line 397, in streams
    raise PluginError(err) from err
streamlink.exceptions.PluginError: Unable to open URL: https://b-hls-19.doppiocdn.com/hls//.m3u8 (403 Client Error: Forbidden for url: https://b-hls-19.doppiocdn.com/hls//.m3u8)
